2019-11-04 20:02:41,727 [Worker-1: Loading available Gradle versions] INFO  o.e.b.c.i.u.g.PublishedGradleVersions - Gradle version information cache is up-to-date. Trying to read.
2019-11-04 20:04:05,586 [Worker-3: Import Getting Started Content] INFO  o.e.m.c.i.l.LifecycleMappingFactory - Using org.eclipse.m2e.jdt.JarLifecycleMapping lifecycle mapping for MavenProject: com.springAndAngular.task-project:Tasks:0.0.1-SNAPSHOT @ E:\CodingWorkspace\New\Eclipse\Project\angularAndSpring\Task\Tasks\pom.xml.
2019-11-04 20:04:08,195 [Worker-3: Import Getting Started Content] INFO  o.e.m.j.i.AbstractJavaProjectConfigurator - Adding source folder /Tasks/src/main/java
2019-11-04 20:04:08,196 [Worker-3: Import Getting Started Content] INFO  o.e.m.j.i.AbstractJavaProjectConfigurator - Adding resource folder /Tasks/src/main/resources
2019-11-04 20:04:08,252 [Worker-3: Import Getting Started Content] INFO  o.e.m.j.i.AbstractJavaProjectConfigurator - Adding resource folder /Tasks/src/main/resources
2019-11-04 20:04:08,282 [Worker-3: Import Getting Started Content] INFO  o.e.m.j.i.AbstractJavaProjectConfigurator - Adding source folder /Tasks/src/test/java
2019-11-04 20:04:10,347 [Worker-3: Import Getting Started Content] INFO  o.e.m.c.i.p.ProjectConfigurationManager - Imported and configured 1 project(s) in 8 sec
2019-11-04 20:04:10,352 [Worker-3: Import Getting Started Content] INFO  o.e.m.c.i.p.ProjectConfigurationManager - Update started
2019-11-04 20:04:13,499 [Worker-3: Import Getting Started Content] INFO  o.e.m.c.i.l.LifecycleMappingFactory - Using org.eclipse.m2e.jdt.JarLifecycleMapping lifecycle mapping for MavenProject: com.springAndAngular.task-project:Tasks:0.0.1-SNAPSHOT @ E:\CodingWorkspace\New\Eclipse\Project\angularAndSpring\Task\Tasks\pom.xml.
2019-11-04 20:04:14,836 [Worker-3: Import Getting Started Content] INFO  o.e.m.j.i.AbstractJavaProjectConfigurator - Adding source folder /Tasks/src/main/java
2019-11-04 20:04:14,836 [Worker-3: Import Getting Started Content] INFO  o.e.m.j.i.AbstractJavaProjectConfigurator - Adding resource folder /Tasks/src/main/resources
2019-11-04 20:04:14,836 [Worker-3: Import Getting Started Content] INFO  o.e.m.j.i.AbstractJavaProjectConfigurator - Adding resource folder /Tasks/src/main/resources
2019-11-04 20:04:14,841 [Worker-3: Import Getting Started Content] INFO  o.e.m.j.i.AbstractJavaProjectConfigurator - Adding source folder /Tasks/src/test/java
2019-11-04 20:04:15,344 [Worker-3: Import Getting Started Content] INFO  o.e.m.c.i.p.ProjectConfigurationManager - Update completed: 4 sec
2019-11-04 20:04:17,037 [Worker-9: Building workspace] INFO  o.e.m.c.i.embedder.EclipseLogger - Using 'UTF-8' encoding to copy filtered resources.
2019-11-04 20:04:17,042 [Worker-9: Building workspace] INFO  o.e.m.c.i.embedder.EclipseLogger - Copying 1 resource
2019-11-04 20:04:17,069 [Worker-9: Building workspace] INFO  o.e.m.c.i.embedder.EclipseLogger - Copying 0 resource
2019-11-04 20:04:17,074 [Worker-9: Building workspace] INFO  o.e.m.c.i.embedder.EclipseLogger - Using 'UTF-8' encoding to copy filtered resources.
2019-11-04 20:04:17,074 [Worker-9: Building workspace] INFO  o.e.m.c.i.embedder.EclipseLogger - skip non existing resourceDirectory E:\CodingWorkspace\New\Eclipse\Project\angularAndSpring\Task\Tasks\src\test\resources
2019-11-04 20:04:58,378 [Worker-11: Building workspace] INFO  o.e.m.c.i.l.LifecycleMappingFactory - Using org.eclipse.m2e.jdt.JarLifecycleMapping lifecycle mapping for MavenProject: com.springAndAngular.task-project:Tasks:0.0.1-SNAPSHOT @ E:\CodingWorkspace\New\Eclipse\Project\angularAndSpring\Task\Tasks\pom.xml.
2019-11-04 20:04:59,899 [Worker-11: Building workspace] INFO  o.e.m.c.i.embedder.EclipseLogger - Using 'UTF-8' encoding to copy filtered resources.
2019-11-04 20:04:59,904 [Worker-11: Building workspace] INFO  o.e.m.c.i.embedder.EclipseLogger - Copying 0 resource
2019-11-04 20:04:59,904 [Worker-11: Building workspace] INFO  o.e.m.c.i.embedder.EclipseLogger - Copying 0 resource
2019-11-04 20:04:59,909 [Worker-11: Building workspace] INFO  o.e.m.c.i.embedder.EclipseLogger - Using 'UTF-8' encoding to copy filtered resources.
2019-11-04 20:04:59,909 [Worker-11: Building workspace] INFO  o.e.m.c.i.embedder.EclipseLogger - skip non existing resourceDirectory E:\CodingWorkspace\New\Eclipse\Project\angularAndSpring\Task\Tasks\src\test\resources
2019-11-04 20:05:03,192 [Worker-1: Building workspace] INFO  o.e.m.c.i.embedder.EclipseLogger - Using 'UTF-8' encoding to copy filtered resources.
2019-11-04 20:05:03,192 [Worker-1: Building workspace] INFO  o.e.m.c.i.embedder.EclipseLogger - Copying 1 resource
2019-11-04 20:05:03,217 [Worker-1: Building workspace] INFO  o.e.m.c.i.embedder.EclipseLogger - Copying 0 resource
2019-11-04 20:05:03,222 [Worker-1: Building workspace] INFO  o.e.m.c.i.embedder.EclipseLogger - Using 'UTF-8' encoding to copy filtered resources.
2019-11-04 20:05:03,222 [Worker-1: Building workspace] INFO  o.e.m.c.i.embedder.EclipseLogger - skip non existing resourceDirectory E:\CodingWorkspace\New\Eclipse\Project\angularAndSpring\Task\Tasks\src\test\resources
2019-11-04 20:06:09,596 [Worker-5: Building workspace] INFO  o.e.m.c.i.l.LifecycleMappingFactory - Using org.eclipse.m2e.jdt.JarLifecycleMapping lifecycle mapping for MavenProject: com.springAndAngular.task-project:Tasks:0.0.1-SNAPSHOT @ E:\CodingWorkspace\New\Eclipse\Project\angularAndSpring\Task\Tasks\pom.xml.
2019-11-04 20:06:11,060 [Worker-5: Building workspace] INFO  o.e.m.c.i.embedder.EclipseLogger - Using 'UTF-8' encoding to copy filtered resources.
2019-11-04 20:06:11,068 [Worker-5: Building workspace] INFO  o.e.m.c.i.embedder.EclipseLogger - Copying 0 resource
2019-11-04 20:06:11,068 [Worker-5: Building workspace] INFO  o.e.m.c.i.embedder.EclipseLogger - Copying 0 resource
2019-11-04 20:06:11,070 [Worker-5: Building workspace] INFO  o.e.m.c.i.embedder.EclipseLogger - Using 'UTF-8' encoding to copy filtered resources.
2019-11-04 20:06:11,070 [Worker-5: Building workspace] INFO  o.e.m.c.i.embedder.EclipseLogger - skip non existing resourceDirectory E:\CodingWorkspace\New\Eclipse\Project\angularAndSpring\Task\Tasks\src\test\resources
2019-11-04 20:06:20,491 [Worker-4: Building workspace] INFO  o.e.m.c.i.l.LifecycleMappingFactory - Using org.eclipse.m2e.jdt.JarLifecycleMapping lifecycle mapping for MavenProject: com.springAndAngular.task-project:Tasks:0.0.1-SNAPSHOT @ E:\CodingWorkspace\New\Eclipse\Project\angularAndSpring\Task\Tasks\pom.xml.
2019-11-04 20:06:22,345 [Worker-4: Building workspace] INFO  o.e.m.c.i.embedder.EclipseLogger - Using 'UTF-8' encoding to copy filtered resources.
2019-11-04 20:06:22,350 [Worker-4: Building workspace] INFO  o.e.m.c.i.embedder.EclipseLogger - Copying 0 resource
2019-11-04 20:06:22,350 [Worker-4: Building workspace] INFO  o.e.m.c.i.embedder.EclipseLogger - Copying 0 resource
2019-11-04 20:06:22,355 [Worker-4: Building workspace] INFO  o.e.m.c.i.embedder.EclipseLogger - Using 'UTF-8' encoding to copy filtered resources.
2019-11-04 20:06:22,355 [Worker-4: Building workspace] INFO  o.e.m.c.i.embedder.EclipseLogger - skip non existing resourceDirectory E:\CodingWorkspace\New\Eclipse\Project\angularAndSpring\Task\Tasks\src\test\resources
2019-11-04 20:06:33,789 [main] INFO  o.e.m2e.actions.ExecutePomAction - Creating new launch configuration
2019-11-04 20:06:40,975 [Worker-3: Launching Tasks] INFO  o.e.m.i.launch.MavenLaunchDelegate - E:\CodingWorkspace\New\Eclipse\Project\angularAndSpring\Task\Tasks
2019-11-04 20:06:40,978 [Worker-3: Launching Tasks] INFO  o.e.m.i.launch.MavenLaunchDelegate -  mvn -Ppom.xml -B jar:jar
2019-11-04 20:07:39,166 [Worker-2: Building workspace] INFO  o.e.m.c.i.l.LifecycleMappingFactory - Using org.eclipse.m2e.jdt.JarLifecycleMapping lifecycle mapping for MavenProject: com.springAndAngular.task-project:Tasks:0.0.1-SNAPSHOT @ E:\CodingWorkspace\New\Eclipse\Project\angularAndSpring\Task\Tasks\pom.xml.
2019-11-04 20:07:40,463 [Worker-2: Building workspace] INFO  o.e.m.c.i.embedder.EclipseLogger - Using 'UTF-8' encoding to copy filtered resources.
2019-11-04 20:07:40,468 [Worker-2: Building workspace] INFO  o.e.m.c.i.embedder.EclipseLogger - Copying 0 resource
2019-11-04 20:07:40,468 [Worker-2: Building workspace] INFO  o.e.m.c.i.embedder.EclipseLogger - Copying 0 resource
2019-11-04 20:07:40,473 [Worker-2: Building workspace] INFO  o.e.m.c.i.embedder.EclipseLogger - Using 'UTF-8' encoding to copy filtered resources.
2019-11-04 20:07:40,473 [Worker-2: Building workspace] INFO  o.e.m.c.i.embedder.EclipseLogger - skip non existing resourceDirectory E:\CodingWorkspace\New\Eclipse\Project\angularAndSpring\Task\Tasks\src\test\resources
2019-11-04 20:08:03,065 [Worker-2: Building workspace] INFO  o.e.m.c.i.l.LifecycleMappingFactory - Using org.eclipse.m2e.jdt.JarLifecycleMapping lifecycle mapping for MavenProject: com.springAndAngular.task-project:Tasks:0.0.1-SNAPSHOT @ E:\CodingWorkspace\New\Eclipse\Project\angularAndSpring\Task\Tasks\pom.xml.
2019-11-04 20:08:04,560 [Worker-2: Building workspace] INFO  o.e.m.c.i.embedder.EclipseLogger - Using 'UTF-8' encoding to copy filtered resources.
2019-11-04 20:08:04,565 [Worker-2: Building workspace] INFO  o.e.m.c.i.embedder.EclipseLogger - Copying 0 resource
2019-11-04 20:08:04,565 [Worker-2: Building workspace] INFO  o.e.m.c.i.embedder.EclipseLogger - Copying 0 resource
2019-11-04 20:08:04,570 [Worker-2: Building workspace] INFO  o.e.m.c.i.embedder.EclipseLogger - Using 'UTF-8' encoding to copy filtered resources.
2019-11-04 20:08:04,570 [Worker-2: Building workspace] INFO  o.e.m.c.i.embedder.EclipseLogger - skip non existing resourceDirectory E:\CodingWorkspace\New\Eclipse\Project\angularAndSpring\Task\Tasks\src\test\resources
2019-11-04 20:08:11,649 [Worker-4: Launching Executing test in E__CodingWorkspace_New_Eclipse_Project_angularAndSpring_Task_Tasks] INFO  o.e.m.i.launch.MavenLaunchDelegate - E:\CodingWorkspace\New\Eclipse\Project\angularAndSpring\Task\Tasks
2019-11-04 20:08:11,649 [Worker-4: Launching Executing test in E__CodingWorkspace_New_Eclipse_Project_angularAndSpring_Task_Tasks] INFO  o.e.m.i.launch.MavenLaunchDelegate -  mvn -Ppom.xml -B test
2019-11-04 20:08:17,076 [Worker-13: Building workspace] INFO  o.e.m.c.i.embedder.EclipseLogger - Using 'UTF-8' encoding to copy filtered resources.
2019-11-04 20:08:17,084 [Worker-13: Building workspace] INFO  o.e.m.c.i.embedder.EclipseLogger - Copying 1 resource
2019-11-04 20:08:17,116 [Worker-13: Building workspace] INFO  o.e.m.c.i.embedder.EclipseLogger - Copying 0 resource
2019-11-04 20:08:17,121 [Worker-13: Building workspace] INFO  o.e.m.c.i.embedder.EclipseLogger - Using 'UTF-8' encoding to copy filtered resources.
2019-11-04 20:08:17,121 [Worker-13: Building workspace] INFO  o.e.m.c.i.embedder.EclipseLogger - skip non existing resourceDirectory E:\CodingWorkspace\New\Eclipse\Project\angularAndSpring\Task\Tasks\src\test\resources
2019-11-04 20:08:43,636 [Worker-5: Building workspace] INFO  o.e.m.c.i.embedder.EclipseLogger - Using 'UTF-8' encoding to copy filtered resources.
2019-11-04 20:08:43,636 [Worker-5: Building workspace] INFO  o.e.m.c.i.embedder.EclipseLogger - Copying 0 resource
2019-11-04 20:08:43,636 [Worker-5: Building workspace] INFO  o.e.m.c.i.embedder.EclipseLogger - Copying 0 resource
2019-11-04 20:08:43,646 [Worker-5: Building workspace] INFO  o.e.m.c.i.embedder.EclipseLogger - Using 'UTF-8' encoding to copy filtered resources.
2019-11-04 20:08:43,646 [Worker-5: Building workspace] INFO  o.e.m.c.i.embedder.EclipseLogger - skip non existing resourceDirectory E:\CodingWorkspace\New\Eclipse\Project\angularAndSpring\Task\Tasks\src\test\resources
2019-11-04 20:09:35,042 [Worker-17: Building workspace] INFO  o.e.m.c.i.embedder.EclipseLogger - Using 'UTF-8' encoding to copy filtered resources.
2019-11-04 20:09:35,042 [Worker-17: Building workspace] INFO  o.e.m.c.i.embedder.EclipseLogger - Copying 1 resource
2019-11-04 20:09:35,045 [Worker-17: Building workspace] INFO  o.e.m.c.i.embedder.EclipseLogger - Copying 0 resource
2019-11-04 20:09:35,047 [Worker-17: Building workspace] INFO  o.e.m.c.i.embedder.EclipseLogger - Using 'UTF-8' encoding to copy filtered resources.
2019-11-04 20:09:35,047 [Worker-17: Building workspace] INFO  o.e.m.c.i.embedder.EclipseLogger - skip non existing resourceDirectory E:\CodingWorkspace\New\Eclipse\Project\angularAndSpring\Task\Tasks\src\test\resources
2019-11-04 20:09:45,109 [Worker-17: Launching Executing test in E__CodingWorkspace_New_Eclipse_Project_angularAndSpring_Task_Tasks] INFO  o.e.m.i.launch.MavenLaunchDelegate - E:\CodingWorkspace\New\Eclipse\Project\angularAndSpring\Task\Tasks
2019-11-04 20:09:45,109 [Worker-17: Launching Executing test in E__CodingWorkspace_New_Eclipse_Project_angularAndSpring_Task_Tasks] INFO  o.e.m.i.launch.MavenLaunchDelegate -  mvn -Ppom.xml -B test
2019-11-04 20:09:52,686 [Worker-17: Building workspace] INFO  o.e.m.c.i.embedder.EclipseLogger - Using 'UTF-8' encoding to copy filtered resources.
2019-11-04 20:09:52,687 [Worker-17: Building workspace] INFO  o.e.m.c.i.embedder.EclipseLogger - Copying 1 resource
2019-11-04 20:09:52,688 [Worker-17: Building workspace] INFO  o.e.m.c.i.embedder.EclipseLogger - Copying 0 resource
2019-11-04 20:09:52,691 [Worker-17: Building workspace] INFO  o.e.m.c.i.embedder.EclipseLogger - Using 'UTF-8' encoding to copy filtered resources.
2019-11-04 20:09:52,691 [Worker-17: Building workspace] INFO  o.e.m.c.i.embedder.EclipseLogger - skip non existing resourceDirectory E:\CodingWorkspace\New\Eclipse\Project\angularAndSpring\Task\Tasks\src\test\resources
2019-11-04 20:10:52,312 [Worker-19: Building workspace] INFO  o.e.m.c.i.embedder.EclipseLogger - Using 'UTF-8' encoding to copy filtered resources.
2019-11-04 20:10:52,312 [Worker-19: Building workspace] INFO  o.e.m.c.i.embedder.EclipseLogger - Copying 0 resource
2019-11-04 20:10:52,312 [Worker-19: Building workspace] INFO  o.e.m.c.i.embedder.EclipseLogger - Copying 0 resource
2019-11-04 20:10:52,317 [Worker-19: Building workspace] INFO  o.e.m.c.i.embedder.EclipseLogger - Using 'UTF-8' encoding to copy filtered resources.
2019-11-04 20:10:52,317 [Worker-19: Building workspace] INFO  o.e.m.c.i.embedder.EclipseLogger - skip non existing resourceDirectory E:\CodingWorkspace\New\Eclipse\Project\angularAndSpring\Task\Tasks\src\test\resources
2019-11-04 20:11:00,999 [Worker-4: Building workspace] INFO  o.e.m.c.i.embedder.EclipseLogger - Using 'UTF-8' encoding to copy filtered resources.
2019-11-04 20:11:01,000 [Worker-4: Building workspace] INFO  o.e.m.c.i.embedder.EclipseLogger - Copying 1 resource
2019-11-04 20:11:01,002 [Worker-4: Building workspace] INFO  o.e.m.c.i.embedder.EclipseLogger - Copying 0 resource
2019-11-04 20:11:01,006 [Worker-4: Building workspace] INFO  o.e.m.c.i.embedder.EclipseLogger - Using 'UTF-8' encoding to copy filtered resources.
2019-11-04 20:11:01,006 [Worker-4: Building workspace] INFO  o.e.m.c.i.embedder.EclipseLogger - skip non existing resourceDirectory E:\CodingWorkspace\New\Eclipse\Project\angularAndSpring\Task\Tasks\src\test\resources
2019-11-04 20:11:08,627 [Worker-14: Launching Executing test in E__CodingWorkspace_New_Eclipse_Project_angularAndSpring_Task_Tasks] INFO  o.e.m.i.launch.MavenLaunchDelegate - E:\CodingWorkspace\New\Eclipse\Project\angularAndSpring\Task\Tasks
2019-11-04 20:11:08,627 [Worker-14: Launching Executing test in E__CodingWorkspace_New_Eclipse_Project_angularAndSpring_Task_Tasks] INFO  o.e.m.i.launch.MavenLaunchDelegate -  mvn -Ppom.xml -B test
2019-11-04 20:12:28,615 [Worker-20: Building workspace] INFO  o.e.m.c.i.l.LifecycleMappingFactory - Using org.eclipse.m2e.jdt.JarLifecycleMapping lifecycle mapping for MavenProject: com.springAndAngular.task-project:Tasks:0.0.1-SNAPSHOT @ E:\CodingWorkspace\New\Eclipse\Project\angularAndSpring\Task\Tasks\pom.xml.
2019-11-04 20:12:29,664 [Worker-20: Building workspace] INFO  o.e.m.c.i.embedder.EclipseLogger - Using 'UTF-8' encoding to copy filtered resources.
2019-11-04 20:12:29,664 [Worker-20: Building workspace] INFO  o.e.m.c.i.embedder.EclipseLogger - Copying 0 resource
2019-11-04 20:12:29,669 [Worker-20: Building workspace] INFO  o.e.m.c.i.embedder.EclipseLogger - Copying 0 resource
2019-11-04 20:12:29,669 [Worker-20: Building workspace] INFO  o.e.m.c.i.embedder.EclipseLogger - Using 'UTF-8' encoding to copy filtered resources.
2019-11-04 20:12:29,669 [Worker-20: Building workspace] INFO  o.e.m.c.i.embedder.EclipseLogger - skip non existing resourceDirectory E:\CodingWorkspace\New\Eclipse\Project\angularAndSpring\Task\Tasks\src\test\resources
2019-11-04 20:12:59,200 [Worker-2: Building workspace] INFO  o.e.m.c.i.l.LifecycleMappingFactory - Using org.eclipse.m2e.jdt.JarLifecycleMapping lifecycle mapping for MavenProject: com.springAndAngular.task-project:Tasks:0.0.1-SNAPSHOT @ E:\CodingWorkspace\New\Eclipse\Project\angularAndSpring\Task\Tasks\pom.xml.
2019-11-04 20:13:00,388 [Worker-2: Building workspace] INFO  o.e.m.c.i.embedder.EclipseLogger - Using 'UTF-8' encoding to copy filtered resources.
2019-11-04 20:13:00,390 [Worker-2: Building workspace] INFO  o.e.m.c.i.embedder.EclipseLogger - Copying 0 resource
2019-11-04 20:13:00,390 [Worker-2: Building workspace] INFO  o.e.m.c.i.embedder.EclipseLogger - Copying 0 resource
2019-11-04 20:13:00,395 [Worker-2: Building workspace] INFO  o.e.m.c.i.embedder.EclipseLogger - Using 'UTF-8' encoding to copy filtered resources.
2019-11-04 20:13:00,395 [Worker-2: Building workspace] INFO  o.e.m.c.i.embedder.EclipseLogger - skip non existing resourceDirectory E:\CodingWorkspace\New\Eclipse\Project\angularAndSpring\Task\Tasks\src\test\resources
2019-11-04 20:13:28,578 [Worker-12: Building workspace] INFO  o.e.m.c.i.l.LifecycleMappingFactory - Using org.eclipse.m2e.jdt.JarLifecycleMapping lifecycle mapping for MavenProject: com.springAndAngular.task-project:Tasks:0.0.1-SNAPSHOT @ E:\CodingWorkspace\New\Eclipse\Project\angularAndSpring\Task\Tasks\pom.xml.
2019-11-04 20:13:29,997 [Worker-12: Building workspace] INFO  o.e.m.c.i.embedder.EclipseLogger - Using 'UTF-8' encoding to copy filtered resources.
2019-11-04 20:13:30,002 [Worker-12: Building workspace] INFO  o.e.m.c.i.embedder.EclipseLogger - Copying 0 resource
2019-11-04 20:13:30,002 [Worker-12: Building workspace] INFO  o.e.m.c.i.embedder.EclipseLogger - Copying 0 resource
2019-11-04 20:13:30,007 [Worker-12: Building workspace] INFO  o.e.m.c.i.embedder.EclipseLogger - Using 'UTF-8' encoding to copy filtered resources.
2019-11-04 20:13:30,007 [Worker-12: Building workspace] INFO  o.e.m.c.i.embedder.EclipseLogger - skip non existing resourceDirectory E:\CodingWorkspace\New\Eclipse\Project\angularAndSpring\Task\Tasks\src\test\resources
2019-11-04 20:13:36,093 [Worker-2: Launching Executing clean in E__CodingWorkspace_New_Eclipse_Project_angularAndSpring_Task_Tasks] INFO  o.e.m.i.launch.MavenLaunchDelegate - E:\CodingWorkspace\New\Eclipse\Project\angularAndSpring\Task\Tasks
2019-11-04 20:13:36,093 [Worker-2: Launching Executing clean in E__CodingWorkspace_New_Eclipse_Project_angularAndSpring_Task_Tasks] INFO  o.e.m.i.launch.MavenLaunchDelegate -  mvn -Ppom.xml -B clean
2019-11-04 20:13:39,897 [Worker-17: Building workspace] INFO  o.e.m.c.i.embedder.EclipseLogger - Using 'UTF-8' encoding to copy filtered resources.
2019-11-04 20:13:39,902 [Worker-17: Building workspace] INFO  o.e.m.c.i.embedder.EclipseLogger - Copying 1 resource
2019-11-04 20:13:39,927 [Worker-17: Building workspace] INFO  o.e.m.c.i.embedder.EclipseLogger - Copying 0 resource
2019-11-04 20:13:39,932 [Worker-17: Building workspace] INFO  o.e.m.c.i.embedder.EclipseLogger - Using 'UTF-8' encoding to copy filtered resources.
2019-11-04 20:13:39,932 [Worker-17: Building workspace] INFO  o.e.m.c.i.embedder.EclipseLogger - skip non existing resourceDirectory E:\CodingWorkspace\New\Eclipse\Project\angularAndSpring\Task\Tasks\src\test\resources
2019-11-04 20:13:59,501 [Worker-4: Building workspace] INFO  o.e.m.c.i.l.LifecycleMappingFactory - Using org.eclipse.m2e.jdt.JarLifecycleMapping lifecycle mapping for MavenProject: com.springAndAngular.task-project:Tasks:0.0.1-SNAPSHOT @ E:\CodingWorkspace\New\Eclipse\Project\angularAndSpring\Task\Tasks\pom.xml.
2019-11-04 20:14:00,640 [Worker-4: Building workspace] INFO  o.e.m.c.i.embedder.EclipseLogger - Using 'UTF-8' encoding to copy filtered resources.
2019-11-04 20:14:00,645 [Worker-4: Building workspace] INFO  o.e.m.c.i.embedder.EclipseLogger - Copying 0 resource
2019-11-04 20:14:00,645 [Worker-4: Building workspace] INFO  o.e.m.c.i.embedder.EclipseLogger - Copying 0 resource
2019-11-04 20:14:00,645 [Worker-4: Building workspace] INFO  o.e.m.c.i.embedder.EclipseLogger - Using 'UTF-8' encoding to copy filtered resources.
2019-11-04 20:14:00,645 [Worker-4: Building workspace] INFO  o.e.m.c.i.embedder.EclipseLogger - skip non existing resourceDirectory E:\CodingWorkspace\New\Eclipse\Project\angularAndSpring\Task\Tasks\src\test\resources
2019-11-04 20:14:09,533 [Worker-14: Launching Executing clean in E__CodingWorkspace_New_Eclipse_Project_angularAndSpring_Task_Tasks] INFO  o.e.m.i.launch.MavenLaunchDelegate - E:\CodingWorkspace\New\Eclipse\Project\angularAndSpring\Task\Tasks
2019-11-04 20:14:09,533 [Worker-14: Launching Executing clean in E__CodingWorkspace_New_Eclipse_Project_angularAndSpring_Task_Tasks] INFO  o.e.m.i.launch.MavenLaunchDelegate -  mvn -Ppom.xml -B clean
2019-11-04 20:14:13,888 [Worker-3: Building workspace] INFO  o.e.m.c.i.embedder.EclipseLogger - Using 'UTF-8' encoding to copy filtered resources.
2019-11-04 20:14:13,888 [Worker-3: Building workspace] INFO  o.e.m.c.i.embedder.EclipseLogger - Copying 1 resource
2019-11-04 20:14:13,913 [Worker-3: Building workspace] INFO  o.e.m.c.i.embedder.EclipseLogger - Copying 0 resource
2019-11-04 20:14:13,913 [Worker-3: Building workspace] INFO  o.e.m.c.i.embedder.EclipseLogger - Using 'UTF-8' encoding to copy filtered resources.
2019-11-04 20:14:13,918 [Worker-3: Building workspace] INFO  o.e.m.c.i.embedder.EclipseLogger - skip non existing resourceDirectory E:\CodingWorkspace\New\Eclipse\Project\angularAndSpring\Task\Tasks\src\test\resources
2019-11-04 20:14:22,358 [Worker-3: Launching Executing clean in E__CodingWorkspace_New_Eclipse_Project_angularAndSpring_Task_Tasks] INFO  o.e.m.i.launch.MavenLaunchDelegate - E:\CodingWorkspace\New\Eclipse\Project\angularAndSpring\Task\Tasks
2019-11-04 20:14:22,358 [Worker-3: Launching Executing clean in E__CodingWorkspace_New_Eclipse_Project_angularAndSpring_Task_Tasks] INFO  o.e.m.i.launch.MavenLaunchDelegate -  mvn -Ppom.xml -B clean
2019-11-04 20:14:26,064 [Worker-2: Building workspace] INFO  o.e.m.c.i.embedder.EclipseLogger - Using 'UTF-8' encoding to copy filtered resources.
2019-11-04 20:14:26,069 [Worker-2: Building workspace] INFO  o.e.m.c.i.embedder.EclipseLogger - Copying 1 resource
2019-11-04 20:14:26,069 [Worker-2: Building workspace] INFO  o.e.m.c.i.embedder.EclipseLogger - Copying 0 resource
2019-11-04 20:14:26,074 [Worker-2: Building workspace] INFO  o.e.m.c.i.embedder.EclipseLogger - Using 'UTF-8' encoding to copy filtered resources.
2019-11-04 20:14:26,074 [Worker-2: Building workspace] INFO  o.e.m.c.i.embedder.EclipseLogger - skip non existing resourceDirectory E:\CodingWorkspace\New\Eclipse\Project\angularAndSpring\Task\Tasks\src\test\resources
