2019-11-28 00:56:43,869 [Worker-2: Loading available Gradle versions] INFO  o.e.b.c.i.u.g.PublishedGradleVersions - Gradle version information cache is out-of-date. Trying to update.
2019-11-28 01:00:20,529 [Worker-10: Creating project "multi-module-project"] INFO  o.e.m.c.i.l.LifecycleMappingFactory - Using org.eclipse.m2e.jdt.JarLifecycleMapping lifecycle mapping for MavenProject: com.maven.multimodule:multi-module-project:0.0.1-SNAPSHOT @ E:\CodingWorkspace\New\Eclipse\Maven\MultiModuleMavenProject\multi-module-project\pom.xml.
2019-11-28 01:00:23,968 [Worker-10: Creating project "multi-module-project"] INFO  o.e.m.c.i.e.AbstractTransferListenerAdapter - Downloading https://repo.maven.apache.org/maven2/org/codehaus/plexus/plexus-archiver/2.1/plexus-archiver-2.1.jar
2019-11-28 01:00:25,315 [Worker-10: Creating project "multi-module-project"] INFO  o.e.m.c.i.e.AbstractTransferListenerAdapter - Downloaded https://repo.maven.apache.org/maven2/org/codehaus/plexus/plexus-archiver/2.1/plexus-archiver-2.1.jar
2019-11-28 01:00:25,536 [Worker-10: Creating project "multi-module-project"] INFO  o.e.m.c.i.e.AbstractTransferListenerAdapter - Downloading https://repo.maven.apache.org/maven2/org/codehaus/plexus/plexus-io/2.0.2/plexus-io-2.0.2.jar
2019-11-28 01:00:25,819 [Worker-10: Creating project "multi-module-project"] INFO  o.e.m.c.i.e.AbstractTransferListenerAdapter - Downloaded https://repo.maven.apache.org/maven2/org/codehaus/plexus/plexus-io/2.0.2/plexus-io-2.0.2.jar
2019-11-28 01:00:26,042 [Worker-10: Creating project "multi-module-project"] INFO  o.e.m.c.i.e.AbstractTransferListenerAdapter - Downloading https://repo.maven.apache.org/maven2/commons-lang/commons-lang/2.1/commons-lang-2.1.jar
2019-11-28 01:00:27,084 [Worker-10: Creating project "multi-module-project"] INFO  o.e.m.c.i.e.AbstractTransferListenerAdapter - Downloaded https://repo.maven.apache.org/maven2/commons-lang/commons-lang/2.1/commons-lang-2.1.jar
2019-11-28 01:00:33,848 [Worker-10: Creating project "multi-module-project"] INFO  o.e.m.c.i.e.AbstractTransferListenerAdapter - Downloading https://repo.maven.apache.org/maven2/org/apache/maven/shared/maven-filtering/1.1/maven-filtering-1.1.pom
2019-11-28 01:00:34,216 [Worker-10: Creating project "multi-module-project"] INFO  o.e.m.c.i.e.AbstractTransferListenerAdapter - Downloaded https://repo.maven.apache.org/maven2/org/apache/maven/shared/maven-filtering/1.1/maven-filtering-1.1.pom
2019-11-28 01:00:34,496 [Worker-10: Creating project "multi-module-project"] INFO  o.e.m.c.i.e.AbstractTransferListenerAdapter - Downloading https://repo.maven.apache.org/maven2/org/codehaus/plexus/plexus-interpolation/1.12/plexus-interpolation-1.12.pom
2019-11-28 01:00:34,764 [Worker-10: Creating project "multi-module-project"] INFO  o.e.m.c.i.e.AbstractTransferListenerAdapter - Downloaded https://repo.maven.apache.org/maven2/org/codehaus/plexus/plexus-interpolation/1.12/plexus-interpolation-1.12.pom
2019-11-28 01:00:34,997 [Worker-10: Creating project "multi-module-project"] INFO  o.e.m.c.i.e.AbstractTransferListenerAdapter - Downloading https://repo.maven.apache.org/maven2/org/sonatype/plexus/plexus-build-api/0.0.4/plexus-build-api-0.0.4.pom
2019-11-28 01:00:35,347 [Worker-10: Creating project "multi-module-project"] INFO  o.e.m.c.i.e.AbstractTransferListenerAdapter - Downloaded https://repo.maven.apache.org/maven2/org/sonatype/plexus/plexus-build-api/0.0.4/plexus-build-api-0.0.4.pom
2019-11-28 01:00:35,607 [Worker-10: Creating project "multi-module-project"] INFO  o.e.m.c.i.e.AbstractTransferListenerAdapter - Downloading https://repo.maven.apache.org/maven2/org/sonatype/spice/spice-parent/10/spice-parent-10.pom
2019-11-28 01:00:35,887 [Worker-10: Creating project "multi-module-project"] INFO  o.e.m.c.i.e.AbstractTransferListenerAdapter - Downloaded https://repo.maven.apache.org/maven2/org/sonatype/spice/spice-parent/10/spice-parent-10.pom
2019-11-28 01:00:36,164 [Worker-10: Creating project "multi-module-project"] INFO  o.e.m.c.i.e.AbstractTransferListenerAdapter - Downloading https://repo.maven.apache.org/maven2/org/sonatype/forge/forge-parent/3/forge-parent-3.pom
2019-11-28 01:00:36,542 [Worker-10: Creating project "multi-module-project"] INFO  o.e.m.c.i.e.AbstractTransferListenerAdapter - Downloaded https://repo.maven.apache.org/maven2/org/sonatype/forge/forge-parent/3/forge-parent-3.pom
2019-11-28 01:00:36,796 [Worker-10: Creating project "multi-module-project"] INFO  o.e.m.c.i.e.AbstractTransferListenerAdapter - Downloading https://repo.maven.apache.org/maven2/org/codehaus/plexus/plexus-interpolation/1.13/plexus-interpolation-1.13.pom
2019-11-28 01:00:37,151 [Worker-10: Creating project "multi-module-project"] INFO  o.e.m.c.i.e.AbstractTransferListenerAdapter - Downloaded https://repo.maven.apache.org/maven2/org/codehaus/plexus/plexus-interpolation/1.13/plexus-interpolation-1.13.pom
2019-11-28 01:00:37,525 [Worker-10: Creating project "multi-module-project"] INFO  o.e.m.c.i.e.AbstractTransferListenerAdapter - Downloading https://repo.maven.apache.org/maven2/org/codehaus/plexus/plexus-utils/2.0.5/plexus-utils-2.0.5.jar
2019-11-28 01:00:39,136 [Worker-10: Creating project "multi-module-project"] INFO  o.e.m.c.i.e.AbstractTransferListenerAdapter - Downloaded https://repo.maven.apache.org/maven2/org/codehaus/plexus/plexus-utils/2.0.5/plexus-utils-2.0.5.jar
2019-11-28 01:00:39,369 [Worker-10: Creating project "multi-module-project"] INFO  o.e.m.c.i.e.AbstractTransferListenerAdapter - Downloading https://repo.maven.apache.org/maven2/org/apache/maven/shared/maven-filtering/1.1/maven-filtering-1.1.jar
2019-11-28 01:00:39,935 [Worker-10: Creating project "multi-module-project"] INFO  o.e.m.c.i.e.AbstractTransferListenerAdapter - Downloaded https://repo.maven.apache.org/maven2/org/apache/maven/shared/maven-filtering/1.1/maven-filtering-1.1.jar
2019-11-28 01:00:40,167 [Worker-10: Creating project "multi-module-project"] INFO  o.e.m.c.i.e.AbstractTransferListenerAdapter - Downloading https://repo.maven.apache.org/maven2/org/sonatype/plexus/plexus-build-api/0.0.4/plexus-build-api-0.0.4.jar
2019-11-28 01:00:40,528 [Worker-10: Creating project "multi-module-project"] INFO  o.e.m.c.i.e.AbstractTransferListenerAdapter - Downloaded https://repo.maven.apache.org/maven2/org/sonatype/plexus/plexus-build-api/0.0.4/plexus-build-api-0.0.4.jar
2019-11-28 01:00:40,814 [Worker-10: Creating project "multi-module-project"] INFO  o.e.m.c.i.e.AbstractTransferListenerAdapter - Downloading https://repo.maven.apache.org/maven2/org/codehaus/plexus/plexus-interpolation/1.13/plexus-interpolation-1.13.jar
2019-11-28 01:00:41,074 [Worker-10: Creating project "multi-module-project"] INFO  o.e.m.c.i.e.AbstractTransferListenerAdapter - Downloaded https://repo.maven.apache.org/maven2/org/codehaus/plexus/plexus-interpolation/1.13/plexus-interpolation-1.13.jar
2019-11-28 01:00:42,461 [Worker-10: Creating project "multi-module-project"] INFO  o.e.m.j.i.AbstractJavaProjectConfigurator - Adding source folder /multi-module-project/src/main/java
2019-11-28 01:00:42,463 [Worker-10: Creating project "multi-module-project"] INFO  o.e.m.j.i.AbstractJavaProjectConfigurator - Adding resource folder /multi-module-project/src/main/resources
2019-11-28 01:00:42,464 [Worker-10: Creating project "multi-module-project"] INFO  o.e.m.j.i.AbstractJavaProjectConfigurator - Adding source folder /multi-module-project/src/test/java
2019-11-28 01:00:42,465 [Worker-10: Creating project "multi-module-project"] INFO  o.e.m.j.i.AbstractJavaProjectConfigurator - Adding resource folder /multi-module-project/src/test/resources
2019-11-28 01:00:46,622 [Worker-13: Building workspace] WARN  o.e.m.c.i.embedder.EclipseLogger - Using platform encoding (Cp1252 actually) to copy filtered resources, i.e. build is platform dependent!
2019-11-28 01:00:46,685 [Worker-13: Building workspace] INFO  o.e.m.c.i.embedder.EclipseLogger - Copying 0 resource
2019-11-28 01:00:46,690 [Worker-13: Building workspace] WARN  o.e.m.c.i.embedder.EclipseLogger - Using platform encoding (Cp1252 actually) to copy filtered resources, i.e. build is platform dependent!
2019-11-28 01:00:46,706 [Worker-13: Building workspace] INFO  o.e.m.c.i.embedder.EclipseLogger - Copying 0 resource
2019-11-28 01:09:35,369 [Worker-13: Building workspace] INFO  o.e.m.c.i.l.LifecycleMappingFactory - Using NULL lifecycle mapping for MavenProject: com.maven.multimodule:multi-module-project:0.0.1-SNAPSHOT @ E:\CodingWorkspace\New\Eclipse\Maven\MultiModuleMavenProject\multi-module-project\pom.xml.
2019-11-28 01:10:10,464 [Worker-14: Updating Maven Project] INFO  o.e.m.c.i.p.ProjectConfigurationManager - Update started
2019-11-28 01:10:10,516 [Worker-14: Updating Maven Project] INFO  o.e.m.c.i.l.LifecycleMappingFactory - Using NULL lifecycle mapping for MavenProject: com.maven.multimodule:multi-module-project:0.0.1-SNAPSHOT @ E:\CodingWorkspace\New\Eclipse\Maven\MultiModuleMavenProject\multi-module-project\pom.xml.
2019-11-28 01:10:12,147 [Worker-14: Updating Maven Project] INFO  o.e.m.c.i.p.ProjectConfigurationManager - Update completed: 1 sec
2019-11-28 01:11:17,422 [Worker-14: Building workspace] INFO  o.e.m.c.i.l.LifecycleMappingFactory - Using NULL lifecycle mapping for MavenProject: com.maven.multimodule:multi-module-project:0.0.1-SNAPSHOT @ E:\CodingWorkspace\New\Eclipse\Maven\MultiModuleMavenProject\multi-module-project\pom.xml.
2019-11-28 01:12:20,999 [Worker-14: Creating maven-archetype-quickstart] INFO  o.e.m.c.i.p.ProjectConfigurationManager - Collecting project info '/pom.xml' E:\CodingWorkspace\New\Eclipse\Maven\MultiModuleMavenProject\multi-module-project\jpa-entities\pom.xml
2019-11-28 01:12:21,899 [Worker-14: Creating maven-archetype-quickstart] INFO  o.e.m.c.i.l.LifecycleMappingFactory - Using org.eclipse.m2e.jdt.JarLifecycleMapping lifecycle mapping for MavenProject: com.maven.multimodule:jpa-entities:0.0.1-SNAPSHOT @ E:\CodingWorkspace\New\Eclipse\Maven\MultiModuleMavenProject\multi-module-project\jpa-entities\pom.xml.
2019-11-28 01:12:22,787 [Worker-14: Creating maven-archetype-quickstart] INFO  o.e.m.j.i.AbstractJavaProjectConfigurator - Adding source folder /jpa-entities/src/main/java
2019-11-28 01:12:22,802 [Worker-14: Creating maven-archetype-quickstart] INFO  o.e.m.j.i.AbstractJavaProjectConfigurator - Adding source folder /jpa-entities/src/test/java
2019-11-28 01:12:22,994 [Worker-14: Creating maven-archetype-quickstart] INFO  o.e.m.c.i.p.ProjectConfigurationManager - Imported and configured 1 project(s) in 1 sec
2019-11-28 01:12:24,877 [Worker-13: Building workspace] INFO  o.e.m.c.i.embedder.EclipseLogger - Using 'UTF-8' encoding to copy filtered resources.
2019-11-28 01:12:24,877 [Worker-13: Building workspace] INFO  o.e.m.c.i.embedder.EclipseLogger - skip non existing resourceDirectory E:\CodingWorkspace\New\Eclipse\Maven\MultiModuleMavenProject\multi-module-project\jpa-entities\src\main\resources
2019-11-28 01:12:24,877 [Worker-13: Building workspace] INFO  o.e.m.c.i.embedder.EclipseLogger - Using 'UTF-8' encoding to copy filtered resources.
2019-11-28 01:12:24,877 [Worker-13: Building workspace] INFO  o.e.m.c.i.embedder.EclipseLogger - skip non existing resourceDirectory E:\CodingWorkspace\New\Eclipse\Maven\MultiModuleMavenProject\multi-module-project\jpa-entities\src\test\resources
2019-11-28 01:12:49,012 [Worker-20: Launching Executing clean in E__CodingWorkspace_New_Eclipse_Maven_MultiModuleMavenProject_multi-module-project_jpa-entities] INFO  o.e.m.i.launch.MavenLaunchDelegate - E:\CodingWorkspace\New\Eclipse\Maven\MultiModuleMavenProject\multi-module-project\jpa-entities
2019-11-28 01:12:49,012 [Worker-20: Launching Executing clean in E__CodingWorkspace_New_Eclipse_Maven_MultiModuleMavenProject_multi-module-project_jpa-entities] INFO  o.e.m.i.launch.MavenLaunchDelegate -  mvn -B clean
2019-11-28 01:12:53,185 [Worker-14: Building workspace] INFO  o.e.m.c.i.embedder.EclipseLogger - Using 'UTF-8' encoding to copy filtered resources.
2019-11-28 01:12:53,186 [Worker-14: Building workspace] INFO  o.e.m.c.i.embedder.EclipseLogger - skip non existing resourceDirectory E:\CodingWorkspace\New\Eclipse\Maven\MultiModuleMavenProject\multi-module-project\jpa-entities\src\main\resources
2019-11-28 01:12:53,187 [Worker-14: Building workspace] INFO  o.e.m.c.i.embedder.EclipseLogger - Using 'UTF-8' encoding to copy filtered resources.
2019-11-28 01:12:53,188 [Worker-14: Building workspace] INFO  o.e.m.c.i.embedder.EclipseLogger - skip non existing resourceDirectory E:\CodingWorkspace\New\Eclipse\Maven\MultiModuleMavenProject\multi-module-project\jpa-entities\src\test\resources
2019-11-28 01:14:44,795 [Worker-17: Building workspace] INFO  o.e.m.c.i.l.LifecycleMappingFactory - Using org.eclipse.m2e.jdt.JarLifecycleMapping lifecycle mapping for MavenProject: com.maven.multimodule:jpa-entities:0.0.1-SNAPSHOT @ E:\CodingWorkspace\New\Eclipse\Maven\MultiModuleMavenProject\multi-module-project\jpa-entities\pom.xml.
2019-11-28 01:14:45,565 [Worker-17: Building workspace] INFO  o.e.m.c.i.embedder.EclipseLogger - Using 'UTF-8' encoding to copy filtered resources.
2019-11-28 01:14:45,565 [Worker-17: Building workspace] INFO  o.e.m.c.i.embedder.EclipseLogger - skip non existing resourceDirectory E:\CodingWorkspace\New\Eclipse\Maven\MultiModuleMavenProject\multi-module-project\jpa-entities\src\main\resources
2019-11-28 01:14:45,568 [Worker-17: Building workspace] INFO  o.e.m.c.i.embedder.EclipseLogger - Using 'UTF-8' encoding to copy filtered resources.
2019-11-28 01:14:45,568 [Worker-17: Building workspace] INFO  o.e.m.c.i.embedder.EclipseLogger - skip non existing resourceDirectory E:\CodingWorkspace\New\Eclipse\Maven\MultiModuleMavenProject\multi-module-project\jpa-entities\src\test\resources
2019-11-28 01:14:53,697 [Worker-19: Updating Maven Dependencies] INFO  o.e.m.c.i.l.LifecycleMappingFactory - Using org.eclipse.m2e.jdt.JarLifecycleMapping lifecycle mapping for MavenProject: com.maven.multimodule:jpa-entities:0.0.1-SNAPSHOT @ E:\CodingWorkspace\New\Eclipse\Maven\MultiModuleMavenProject\multi-module-project\jpa-entities\pom.xml.
2019-11-28 01:14:55,011 [Worker-20: Building workspace] INFO  o.e.m.c.i.embedder.EclipseLogger - Using 'UTF-8' encoding to copy filtered resources.
2019-11-28 01:14:55,011 [Worker-20: Building workspace] INFO  o.e.m.c.i.embedder.EclipseLogger - skip non existing resourceDirectory E:\CodingWorkspace\New\Eclipse\Maven\MultiModuleMavenProject\multi-module-project\jpa-entities\src\main\resources
2019-11-28 01:14:55,016 [Worker-20: Building workspace] INFO  o.e.m.c.i.embedder.EclipseLogger - Using 'UTF-8' encoding to copy filtered resources.
2019-11-28 01:14:55,019 [Worker-20: Building workspace] INFO  o.e.m.c.i.embedder.EclipseLogger - skip non existing resourceDirectory E:\CodingWorkspace\New\Eclipse\Maven\MultiModuleMavenProject\multi-module-project\jpa-entities\src\test\resources
2019-11-28 01:14:58,230 [Worker-17: Updating Maven Dependencies] INFO  o.e.m.c.i.l.LifecycleMappingFactory - Using NULL lifecycle mapping for MavenProject: com.maven.multimodule:multi-module-project:0.0.1-SNAPSHOT @ E:\CodingWorkspace\New\Eclipse\Maven\MultiModuleMavenProject\multi-module-project\pom.xml.
2019-11-28 01:14:58,881 [Worker-17: Updating Maven Dependencies] INFO  o.e.m.c.i.l.LifecycleMappingFactory - Using org.eclipse.m2e.jdt.JarLifecycleMapping lifecycle mapping for MavenProject: com.maven.multimodule:jpa-entities:0.0.1-SNAPSHOT @ E:\CodingWorkspace\New\Eclipse\Maven\MultiModuleMavenProject\multi-module-project\jpa-entities\pom.xml.
2019-11-28 01:14:59,705 [Worker-19: Building workspace] INFO  o.e.m.c.i.embedder.EclipseLogger - Using 'UTF-8' encoding to copy filtered resources.
2019-11-28 01:14:59,705 [Worker-19: Building workspace] INFO  o.e.m.c.i.embedder.EclipseLogger - skip non existing resourceDirectory E:\CodingWorkspace\New\Eclipse\Maven\MultiModuleMavenProject\multi-module-project\jpa-entities\src\main\resources
2019-11-28 01:14:59,708 [Worker-19: Building workspace] INFO  o.e.m.c.i.embedder.EclipseLogger - Using 'UTF-8' encoding to copy filtered resources.
2019-11-28 01:14:59,708 [Worker-19: Building workspace] INFO  o.e.m.c.i.embedder.EclipseLogger - skip non existing resourceDirectory E:\CodingWorkspace\New\Eclipse\Maven\MultiModuleMavenProject\multi-module-project\jpa-entities\src\test\resources
2019-11-28 01:15:03,985 [Worker-13: Launching Executing install in E__CodingWorkspace_New_Eclipse_Maven_MultiModuleMavenProject_multi-module-project] INFO  o.e.m.i.launch.MavenLaunchDelegate - E:\CodingWorkspace\New\Eclipse\Maven\MultiModuleMavenProject\multi-module-project
2019-11-28 01:15:03,986 [Worker-13: Launching Executing install in E__CodingWorkspace_New_Eclipse_Maven_MultiModuleMavenProject_multi-module-project] INFO  o.e.m.i.launch.MavenLaunchDelegate -  mvn -B install
2019-11-28 01:15:11,324 [Worker-21: Building workspace] INFO  o.e.m.c.i.embedder.EclipseLogger - Using 'UTF-8' encoding to copy filtered resources.
2019-11-28 01:15:11,325 [Worker-21: Building workspace] INFO  o.e.m.c.i.embedder.EclipseLogger - skip non existing resourceDirectory E:\CodingWorkspace\New\Eclipse\Maven\MultiModuleMavenProject\multi-module-project\jpa-entities\src\main\resources
2019-11-28 01:15:11,331 [Worker-21: Building workspace] INFO  o.e.m.c.i.embedder.EclipseLogger - Using 'UTF-8' encoding to copy filtered resources.
2019-11-28 01:15:11,332 [Worker-21: Building workspace] INFO  o.e.m.c.i.embedder.EclipseLogger - skip non existing resourceDirectory E:\CodingWorkspace\New\Eclipse\Maven\MultiModuleMavenProject\multi-module-project\jpa-entities\src\test\resources
2019-11-28 01:16:29,592 [Worker-21: Building workspace] INFO  o.e.m.c.i.embedder.EclipseLogger - Using 'UTF-8' encoding to copy filtered resources.
2019-11-28 01:16:29,592 [Worker-21: Building workspace] INFO  o.e.m.c.i.embedder.EclipseLogger - skip non existing resourceDirectory E:\CodingWorkspace\New\Eclipse\Maven\MultiModuleMavenProject\multi-module-project\jpa-entities\src\main\resources
2019-11-28 01:16:29,597 [Worker-21: Building workspace] INFO  o.e.m.c.i.embedder.EclipseLogger - Using 'UTF-8' encoding to copy filtered resources.
2019-11-28 01:16:29,597 [Worker-21: Building workspace] INFO  o.e.m.c.i.embedder.EclipseLogger - skip non existing resourceDirectory E:\CodingWorkspace\New\Eclipse\Maven\MultiModuleMavenProject\multi-module-project\jpa-entities\src\test\resources
2019-11-28 01:16:34,552 [Worker-19: Building workspace] INFO  o.e.m.c.i.embedder.EclipseLogger - Using 'UTF-8' encoding to copy filtered resources.
2019-11-28 01:16:34,552 [Worker-19: Building workspace] INFO  o.e.m.c.i.embedder.EclipseLogger - skip non existing resourceDirectory E:\CodingWorkspace\New\Eclipse\Maven\MultiModuleMavenProject\multi-module-project\jpa-entities\src\main\resources
2019-11-28 01:16:34,557 [Worker-19: Building workspace] INFO  o.e.m.c.i.embedder.EclipseLogger - Using 'UTF-8' encoding to copy filtered resources.
2019-11-28 01:16:34,557 [Worker-19: Building workspace] INFO  o.e.m.c.i.embedder.EclipseLogger - skip non existing resourceDirectory E:\CodingWorkspace\New\Eclipse\Maven\MultiModuleMavenProject\multi-module-project\jpa-entities\src\test\resources
2019-11-28 01:16:49,681 [Worker-20: Launching Executing install in E__CodingWorkspace_New_Eclipse_Maven_MultiModuleMavenProject_multi-module-project] INFO  o.e.m.i.launch.MavenLaunchDelegate - E:\CodingWorkspace\New\Eclipse\Maven\MultiModuleMavenProject\multi-module-project
2019-11-28 01:16:49,682 [Worker-20: Launching Executing install in E__CodingWorkspace_New_Eclipse_Maven_MultiModuleMavenProject_multi-module-project] INFO  o.e.m.i.launch.MavenLaunchDelegate -  mvn -B install
2019-11-28 01:17:07,767 [Worker-17: Building workspace] INFO  o.e.m.c.i.embedder.EclipseLogger - Using 'UTF-8' encoding to copy filtered resources.
2019-11-28 01:17:07,767 [Worker-17: Building workspace] INFO  o.e.m.c.i.embedder.EclipseLogger - skip non existing resourceDirectory E:\CodingWorkspace\New\Eclipse\Maven\MultiModuleMavenProject\multi-module-project\jpa-entities\src\main\resources
2019-11-28 01:17:07,769 [Worker-17: Building workspace] INFO  o.e.m.c.i.embedder.EclipseLogger - Using 'UTF-8' encoding to copy filtered resources.
2019-11-28 01:17:07,769 [Worker-17: Building workspace] INFO  o.e.m.c.i.embedder.EclipseLogger - skip non existing resourceDirectory E:\CodingWorkspace\New\Eclipse\Maven\MultiModuleMavenProject\multi-module-project\jpa-entities\src\test\resources
