2019-12-01 11:03:01,881 [Worker-0: Loading available Gradle versions] INFO  o.e.b.c.i.u.g.PublishedGradleVersions - Gradle version information cache is out-of-date. Trying to update.
2019-12-01 11:04:33,422 [main] WARN  org.eclipse.jgit.util.FS - C:\Program Files\Git\etc\.probe-0de3543d-9ef4-4d79-a1d7-b62a658eef03
java.nio.file.AccessDeniedException: C:\Program Files\Git\etc\.probe-0de3543d-9ef4-4d79-a1d7-b62a658eef03
	at sun.nio.fs.WindowsException.translateToIOException(Unknown Source) ~[na:1.8.0_221]
	at sun.nio.fs.WindowsException.rethrowAsIOException(Unknown Source) ~[na:1.8.0_221]
	at sun.nio.fs.WindowsException.rethrowAsIOException(Unknown Source) ~[na:1.8.0_221]
	at sun.nio.fs.WindowsFileSystemProvider.newByteChannel(Unknown Source) ~[na:1.8.0_221]
	at java.nio.file.Files.newByteChannel(Unknown Source) ~[na:1.8.0_221]
	at java.nio.file.Files.createFile(Unknown Source) ~[na:1.8.0_221]
	at org.eclipse.jgit.util.FS$FileStoreAttributeCache.<init>(FS.java:234) ~[org.eclipse.jgit_5.4.0.201906121030-r.jar:5.4.0.201906121030-r]
	at org.eclipse.jgit.util.FS$FileStoreAttributeCache.getFsTimestampResolution(FS.java:211) ~[org.eclipse.jgit_5.4.0.201906121030-r.jar:5.4.0.201906121030-r]
	at org.eclipse.jgit.util.FS.getFsTimerResolution(FS.java:321) [org.eclipse.jgit_5.4.0.201906121030-r.jar:5.4.0.201906121030-r]
	at org.eclipse.jgit.internal.storage.file.FileSnapshot.<init>(FileSnapshot.java:186) [org.eclipse.jgit_5.4.0.201906121030-r.jar:5.4.0.201906121030-r]
	at org.eclipse.jgit.internal.storage.file.FileSnapshot.save(FileSnapshot.java:122) [org.eclipse.jgit_5.4.0.201906121030-r.jar:5.4.0.201906121030-r]
	at org.eclipse.jgit.storage.file.FileBasedConfig.load(FileBasedConfig.java:156) [org.eclipse.jgit_5.4.0.201906121030-r.jar:5.4.0.201906121030-r]
	at org.eclipse.jgit.internal.storage.file.FileRepository.loadSystemConfig(FileRepository.java:245) [org.eclipse.jgit_5.4.0.201906121030-r.jar:5.4.0.201906121030-r]
	at org.eclipse.jgit.internal.storage.file.FileRepository.<init>(FileRepository.java:203) [org.eclipse.jgit_5.4.0.201906121030-r.jar:5.4.0.201906121030-r]
	at org.eclipse.jgit.lib.BaseRepositoryBuilder.build(BaseRepositoryBuilder.java:612) [org.eclipse.jgit_5.4.0.201906121030-r.jar:5.4.0.201906121030-r]
	at org.eclipse.jgit.api.InitCommand.call(InitCommand.java:123) [org.eclipse.jgit_5.4.0.201906121030-r.jar:5.4.0.201906121030-r]
	at org.eclipse.egit.ui.internal.repository.NewRepositoryWizard.performFinish(NewRepositoryWizard.java:82) [org.eclipse.egit.ui_5.4.0.201906121030-r.jar:na]
	at org.eclipse.jface.wizard.WizardDialog.finishPressed(WizardDialog.java:833) [org.eclipse.jface_3.16.0.v20190528-0922.jar:na]
	at org.eclipse.jface.wizard.WizardDialog.buttonPressed(WizardDialog.java:472) [org.eclipse.jface_3.16.0.v20190528-0922.jar:na]
	at org.eclipse.jface.dialogs.Dialog.lambda$0(Dialog.java:622) [org.eclipse.jface_3.16.0.v20190528-0922.jar:na]
	at org.eclipse.swt.events.SelectionListener$1.widgetSelected(SelectionListener.java:84) ~[org.eclipse.swt.win32.win32.x86_64_3.111.0.v20190605-1801.jar:na]
	at org.eclipse.swt.widgets.TypedListener.handleEvent(TypedListener.java:252) ~[org.eclipse.swt.win32.win32.x86_64_3.111.0.v20190605-1801.jar:na]
	at org.eclipse.swt.widgets.EventTable.sendEvent(EventTable.java:89) ~[org.eclipse.swt.win32.win32.x86_64_3.111.0.v20190605-1801.jar:na]
	at org.eclipse.swt.widgets.Display.sendEvent(Display.java:4131) ~[org.eclipse.swt.win32.win32.x86_64_3.111.0.v20190605-1801.jar:na]
	at org.eclipse.swt.widgets.Widget.sendEvent(Widget.java:1056) ~[org.eclipse.swt.win32.win32.x86_64_3.111.0.v20190605-1801.jar:na]
	at org.eclipse.swt.widgets.Display.runDeferredEvents(Display.java:3944) ~[org.eclipse.swt.win32.win32.x86_64_3.111.0.v20190605-1801.jar:na]
	at org.eclipse.swt.widgets.Display.readAndDispatch(Display.java:3547) ~[org.eclipse.swt.win32.win32.x86_64_3.111.0.v20190605-1801.jar:na]
	at org.eclipse.jface.window.Window.runEventLoop(Window.java:823) ~[org.eclipse.jface_3.16.0.v20190528-0922.jar:na]
	at org.eclipse.jface.window.Window.open(Window.java:799) ~[org.eclipse.jface_3.16.0.v20190528-0922.jar:na]
	at org.eclipse.ui.internal.actions.NewWizardShortcutAction.run(NewWizardShortcutAction.java:130) ~[na:na]
	at org.eclipse.ui.internal.quickaccess.providers.WizardElement.execute(WizardElement.java:42) ~[na:na]
	at org.eclipse.ui.internal.quickaccess.SearchField$7.handleElementSelected(SearchField.java:297) ~[na:na]
	at org.eclipse.ui.internal.quickaccess.QuickAccessContents.handleSelection(QuickAccessContents.java:638) ~[na:na]
	at org.eclipse.ui.internal.quickaccess.QuickAccessContents.access$0(QuickAccessContents.java:629) ~[na:na]
	at org.eclipse.ui.internal.quickaccess.QuickAccessContents$4.mouseUp(QuickAccessContents.java:830) ~[na:na]
	at org.eclipse.swt.widgets.TypedListener.handleEvent(TypedListener.java:224) ~[org.eclipse.swt.win32.win32.x86_64_3.111.0.v20190605-1801.jar:na]
	at org.eclipse.swt.widgets.EventTable.sendEvent(EventTable.java:89) ~[org.eclipse.swt.win32.win32.x86_64_3.111.0.v20190605-1801.jar:na]
	at org.eclipse.swt.widgets.Display.sendEvent(Display.java:4131) ~[org.eclipse.swt.win32.win32.x86_64_3.111.0.v20190605-1801.jar:na]
	at org.eclipse.swt.widgets.Widget.sendEvent(Widget.java:1056) ~[org.eclipse.swt.win32.win32.x86_64_3.111.0.v20190605-1801.jar:na]
	at org.eclipse.swt.widgets.Display.runDeferredEvents(Display.java:3944) ~[org.eclipse.swt.win32.win32.x86_64_3.111.0.v20190605-1801.jar:na]
	at org.eclipse.swt.widgets.Display.readAndDispatch(Display.java:3547) ~[org.eclipse.swt.win32.win32.x86_64_3.111.0.v20190605-1801.jar:na]
	at org.eclipse.e4.ui.internal.workbench.swt.PartRenderingEngine$5.run(PartRenderingEngine.java:1173) ~[na:na]
	at org.eclipse.core.databinding.observable.Realm.runWithDefault(Realm.java:338) ~[na:na]
	at org.eclipse.e4.ui.internal.workbench.swt.PartRenderingEngine.run(PartRenderingEngine.java:1062) ~[na:na]
	at org.eclipse.e4.ui.internal.workbench.E4Workbench.createAndRunUI(E4Workbench.java:155) ~[na:na]
	at org.eclipse.ui.internal.Workbench.lambda$3(Workbench.java:635) ~[na:na]
	at org.eclipse.core.databinding.observable.Realm.runWithDefault(Realm.java:338) ~[na:na]
	at org.eclipse.ui.internal.Workbench.createAndRunWorkbench(Workbench.java:559) ~[na:na]
	at org.eclipse.ui.PlatformUI.createAndRunWorkbench(PlatformUI.java:150) ~[na:na]
	at org.eclipse.ui.internal.ide.application.IDEApplication.start(IDEApplication.java:155) ~[na:na]
	at org.eclipse.equinox.internal.app.EclipseAppHandle.run(EclipseAppHandle.java:203) ~[org.eclipse.equinox.app_1.4.200.v20190516-1504.jar:na]
	at org.eclipse.core.runtime.internal.adaptor.EclipseAppLauncher.runApplication(EclipseAppLauncher.java:137) ~[org.eclipse.osgi_3.14.0.v20190517-1309.jar:na]
	at org.eclipse.core.runtime.internal.adaptor.EclipseAppLauncher.start(EclipseAppLauncher.java:107) ~[org.eclipse.osgi_3.14.0.v20190517-1309.jar:na]
	at org.eclipse.core.runtime.adaptor.EclipseStarter.run(EclipseStarter.java:400) ~[org.eclipse.osgi_3.14.0.v20190517-1309.jar:na]
	at org.eclipse.core.runtime.adaptor.EclipseStarter.run(EclipseStarter.java:255) ~[org.eclipse.osgi_3.14.0.v20190517-1309.jar:na]
	at sun.reflect.NativeMethodAccessorImpl.invoke0(Native Method) ~[na:1.8.0_221]
	at sun.reflect.NativeMethodAccessorImpl.invoke(Unknown Source) ~[na:1.8.0_221]
	at sun.reflect.DelegatingMethodAccessorImpl.invoke(Unknown Source) ~[na:1.8.0_221]
	at java.lang.reflect.Method.invoke(Unknown Source) ~[na:1.8.0_221]
	at org.eclipse.equinox.launcher.Main.invokeFramework(Main.java:660) ~[org.eclipse.equinox.launcher_1.5.400.v20190515-0925.jar:na]
	at org.eclipse.equinox.launcher.Main.basicRun(Main.java:597) ~[org.eclipse.equinox.launcher_1.5.400.v20190515-0925.jar:na]
	at org.eclipse.equinox.launcher.Main.run(Main.java:1468) ~[org.eclipse.equinox.launcher_1.5.400.v20190515-0925.jar:na]
2019-12-01 11:08:54,777 [Worker-7: Import Getting Started Content] INFO  o.e.m.c.i.l.LifecycleMappingFactory - Using org.eclipse.m2e.jdt.JarLifecycleMapping lifecycle mapping for MavenProject: com.spring5.joke-app:JokeApp:0.0.1-SNAPSHOT @ E:\CodingWorkspace\New\Eclipse\Project\SpringProject\jokeApp\JokeApp\pom.xml.
2019-12-01 11:09:03,432 [Worker-7: Import Getting Started Content] INFO  o.e.m.j.i.AbstractJavaProjectConfigurator - Adding source folder /JokeApp/src/main/java
2019-12-01 11:09:03,433 [Worker-7: Import Getting Started Content] INFO  o.e.m.j.i.AbstractJavaProjectConfigurator - Adding resource folder /JokeApp/src/main/resources
2019-12-01 11:09:03,462 [Worker-7: Import Getting Started Content] INFO  o.e.m.j.i.AbstractJavaProjectConfigurator - Adding resource folder /JokeApp/src/main/resources
2019-12-01 11:09:03,488 [Worker-7: Import Getting Started Content] INFO  o.e.m.j.i.AbstractJavaProjectConfigurator - Adding source folder /JokeApp/src/test/java
2019-12-01 11:09:08,793 [Worker-7: Import Getting Started Content] INFO  o.e.m.c.i.p.ProjectConfigurationManager - Imported and configured 1 project(s) in 23 sec
2019-12-01 11:09:08,797 [Worker-7: Import Getting Started Content] INFO  o.e.m.c.i.p.ProjectConfigurationManager - Update started
2019-12-01 11:09:09,827 [Worker-7: Import Getting Started Content] INFO  o.e.m.c.i.l.LifecycleMappingFactory - Using org.eclipse.m2e.jdt.JarLifecycleMapping lifecycle mapping for MavenProject: com.spring5.joke-app:JokeApp:0.0.1-SNAPSHOT @ E:\CodingWorkspace\New\Eclipse\Project\SpringProject\jokeApp\JokeApp\pom.xml.
2019-12-01 11:09:11,451 [Worker-7: Import Getting Started Content] INFO  o.e.m.j.i.AbstractJavaProjectConfigurator - Adding source folder /JokeApp/src/main/java
2019-12-01 11:09:11,452 [Worker-7: Import Getting Started Content] INFO  o.e.m.j.i.AbstractJavaProjectConfigurator - Adding resource folder /JokeApp/src/main/resources
2019-12-01 11:09:11,454 [Worker-7: Import Getting Started Content] INFO  o.e.m.j.i.AbstractJavaProjectConfigurator - Adding resource folder /JokeApp/src/main/resources
2019-12-01 11:09:11,458 [Worker-7: Import Getting Started Content] INFO  o.e.m.j.i.AbstractJavaProjectConfigurator - Adding source folder /JokeApp/src/test/java
2019-12-01 11:09:12,729 [Worker-7: Import Getting Started Content] INFO  o.e.m.c.i.p.ProjectConfigurationManager - Update completed: 3 sec
2019-12-01 11:09:17,168 [Worker-16: Building workspace] INFO  o.e.m.c.i.embedder.EclipseLogger - Using 'UTF-8' encoding to copy filtered resources.
2019-12-01 11:09:17,181 [Worker-16: Building workspace] INFO  o.e.m.c.i.embedder.EclipseLogger - Copying 1 resource
2019-12-01 11:09:17,258 [Worker-16: Building workspace] INFO  o.e.m.c.i.embedder.EclipseLogger - Copying 0 resource
2019-12-01 11:09:17,263 [Worker-16: Building workspace] INFO  o.e.m.c.i.embedder.EclipseLogger - Using 'UTF-8' encoding to copy filtered resources.
2019-12-01 11:09:17,264 [Worker-16: Building workspace] INFO  o.e.m.c.i.embedder.EclipseLogger - skip non existing resourceDirectory E:\CodingWorkspace\New\Eclipse\Project\SpringProject\jokeApp\JokeApp\src\test\resources
2019-12-01 11:10:46,110 [Worker-12: Building workspace] INFO  o.e.m.c.i.embedder.EclipseLogger - Using 'UTF-8' encoding to copy filtered resources.
2019-12-01 11:10:46,116 [Worker-12: Building workspace] INFO  o.e.m.c.i.embedder.EclipseLogger - Copying 1 resource
2019-12-01 11:10:46,119 [Worker-12: Building workspace] INFO  o.e.m.c.i.embedder.EclipseLogger - Copying 0 resource
2019-12-01 11:10:46,123 [Worker-12: Building workspace] INFO  o.e.m.c.i.embedder.EclipseLogger - Using 'UTF-8' encoding to copy filtered resources.
2019-12-01 11:10:46,124 [Worker-12: Building workspace] INFO  o.e.m.c.i.embedder.EclipseLogger - skip non existing resourceDirectory E:\CodingWorkspace\New\Eclipse\Project\SpringProject\jokeApp\JokeApp\src\test\resources
2019-12-01 11:16:42,442 [Worker-19: Import Getting Started Content] INFO  o.e.m.c.i.l.LifecycleMappingFactory - Using org.eclipse.m2e.jdt.JarLifecycleMapping lifecycle mapping for MavenProject: com.spring5.joke-app:JokeApp:0.0.1-SNAPSHOT @ E:\CodingWorkspace\New\Eclipse\Project\SpringProject\jokeApp\JokeApp\pom.xml.
2019-12-01 11:16:44,081 [Worker-19: Import Getting Started Content] INFO  o.e.m.j.i.AbstractJavaProjectConfigurator - Adding source folder /JokeApp/src/main/java
2019-12-01 11:16:44,081 [Worker-19: Import Getting Started Content] INFO  o.e.m.j.i.AbstractJavaProjectConfigurator - Adding resource folder /JokeApp/src/main/resources
2019-12-01 11:16:44,103 [Worker-19: Import Getting Started Content] INFO  o.e.m.j.i.AbstractJavaProjectConfigurator - Adding resource folder /JokeApp/src/main/resources
2019-12-01 11:16:44,121 [Worker-19: Import Getting Started Content] INFO  o.e.m.j.i.AbstractJavaProjectConfigurator - Adding source folder /JokeApp/src/test/java
2019-12-01 11:16:44,611 [Worker-19: Import Getting Started Content] INFO  o.e.m.c.i.p.ProjectConfigurationManager - Imported and configured 1 project(s) in 3 sec
2019-12-01 11:16:44,613 [Worker-19: Import Getting Started Content] INFO  o.e.m.c.i.p.ProjectConfigurationManager - Update started
2019-12-01 11:16:45,700 [Worker-19: Import Getting Started Content] INFO  o.e.m.c.i.l.LifecycleMappingFactory - Using org.eclipse.m2e.jdt.JarLifecycleMapping lifecycle mapping for MavenProject: com.spring5.joke-app:JokeApp:0.0.1-SNAPSHOT @ E:\CodingWorkspace\New\Eclipse\Project\SpringProject\jokeApp\JokeApp\pom.xml.
2019-12-01 11:16:47,025 [Worker-19: Import Getting Started Content] INFO  o.e.m.j.i.AbstractJavaProjectConfigurator - Adding source folder /JokeApp/src/main/java
2019-12-01 11:16:47,025 [Worker-19: Import Getting Started Content] INFO  o.e.m.j.i.AbstractJavaProjectConfigurator - Adding resource folder /JokeApp/src/main/resources
2019-12-01 11:16:47,028 [Worker-19: Import Getting Started Content] INFO  o.e.m.j.i.AbstractJavaProjectConfigurator - Adding resource folder /JokeApp/src/main/resources
2019-12-01 11:16:47,048 [Worker-19: Import Getting Started Content] INFO  o.e.m.j.i.AbstractJavaProjectConfigurator - Adding source folder /JokeApp/src/test/java
2019-12-01 11:16:47,446 [Worker-19: Import Getting Started Content] INFO  o.e.m.c.i.p.ProjectConfigurationManager - Update completed: 2 sec
2019-12-01 11:16:48,704 [Worker-23: Building workspace] INFO  o.e.m.c.i.embedder.EclipseLogger - Using 'UTF-8' encoding to copy filtered resources.
2019-12-01 11:16:48,705 [Worker-23: Building workspace] INFO  o.e.m.c.i.embedder.EclipseLogger - Copying 1 resource
2019-12-01 11:16:48,724 [Worker-23: Building workspace] INFO  o.e.m.c.i.embedder.EclipseLogger - Copying 0 resource
2019-12-01 11:16:48,729 [Worker-23: Building workspace] INFO  o.e.m.c.i.embedder.EclipseLogger - Using 'UTF-8' encoding to copy filtered resources.
2019-12-01 11:16:48,729 [Worker-23: Building workspace] INFO  o.e.m.c.i.embedder.EclipseLogger - skip non existing resourceDirectory E:\CodingWorkspace\New\Eclipse\Project\SpringProject\jokeApp\JokeApp\src\test\resources
2019-12-01 11:17:12,052 [Worker-22: Building workspace] INFO  o.e.m.c.i.embedder.EclipseLogger - Using 'UTF-8' encoding to copy filtered resources.
2019-12-01 11:17:12,053 [Worker-22: Building workspace] INFO  o.e.m.c.i.embedder.EclipseLogger - skip non existing resourceDirectory E:\CodingWorkspace\New\Eclipse\Project\SpringProject\jokeApp\JokeApp\src\main\resources
2019-12-01 11:17:12,053 [Worker-22: Building workspace] INFO  o.e.m.c.i.embedder.EclipseLogger - skip non existing resourceDirectory E:\CodingWorkspace\New\Eclipse\Project\SpringProject\jokeApp\JokeApp\src\main\resources
2019-12-01 11:17:12,056 [Worker-22: Building workspace] INFO  o.e.m.c.i.embedder.EclipseLogger - Using 'UTF-8' encoding to copy filtered resources.
2019-12-01 11:17:12,057 [Worker-22: Building workspace] INFO  o.e.m.c.i.embedder.EclipseLogger - skip non existing resourceDirectory E:\CodingWorkspace\New\Eclipse\Project\SpringProject\jokeApp\JokeApp\src\test\resources
2019-12-01 11:53:31,340 [Worker-25: Building workspace] INFO  o.e.m.c.i.l.LifecycleMappingFactory - Using org.eclipse.m2e.jdt.JarLifecycleMapping lifecycle mapping for MavenProject: com.spring5.joke-app:JokeApp:0.0.1-SNAPSHOT @ E:\CodingWorkspace\New\Eclipse\Project\SpringProject\jokeApp\git\JokeApp\JokeApp\pom.xml.
2019-12-01 11:53:33,668 [Worker-25: Building workspace] INFO  o.e.m.c.i.e.AbstractTransferListenerAdapter - Downloaded https://repo.maven.apache.org/maven2/org/springframework/chuck-noris-for-actuator/0.0.2/chuck-noris-for-actuator-0.0.2.pom
2019-12-01 11:53:33,703 [Worker-25: Building workspace] WARN  o.e.m.c.i.embedder.EclipseLogger - The POM for org.springframework:chuck-noris-for-actuator:jar:0.0.2 is missing, no dependency information available
2019-12-01 11:53:34,278 [Worker-25: Building workspace] INFO  o.e.m.c.i.e.AbstractTransferListenerAdapter - Downloaded https://repo.maven.apache.org/maven2/org/springframework/chuck-noris-for-actuator/0.0.2/chuck-noris-for-actuator-0.0.2.jar
2019-12-01 11:53:34,668 [Worker-25: Building workspace] INFO  o.e.m.c.i.embedder.EclipseLogger - Using 'UTF-8' encoding to copy filtered resources.
2019-12-01 11:53:34,673 [Worker-25: Building workspace] INFO  o.e.m.c.i.embedder.EclipseLogger - Copying 0 resource
2019-12-01 11:53:34,673 [Worker-25: Building workspace] INFO  o.e.m.c.i.embedder.EclipseLogger - Copying 0 resource
2019-12-01 11:53:34,678 [Worker-25: Building workspace] INFO  o.e.m.c.i.embedder.EclipseLogger - Using 'UTF-8' encoding to copy filtered resources.
2019-12-01 11:53:34,678 [Worker-25: Building workspace] INFO  o.e.m.c.i.embedder.EclipseLogger - skip non existing resourceDirectory E:\CodingWorkspace\New\Eclipse\Project\SpringProject\jokeApp\git\JokeApp\JokeApp\src\test\resources
2019-12-01 11:53:35,961 [Worker-24: Download sources and javadoc] WARN  o.e.m.c.i.embedder.EclipseLogger - The POM for org.springframework:chuck-noris-for-actuator:jar:0.0.2 is missing, no dependency information available
2019-12-01 11:53:38,069 [Worker-24: Download sources and javadoc] INFO  o.e.m.c.i.e.AbstractTransferListenerAdapter - Downloaded https://repo.maven.apache.org/maven2/org/springframework/chuck-noris-for-actuator/0.0.2/chuck-noris-for-actuator-0.0.2-sources.jar
2019-12-01 11:53:38,109 [Worker-24: Download sources and javadoc] ERROR o.e.m.j.internal.DownloadSourcesJob - Could not download sources for org.springframework:chuck-noris-for-actuator:0.0.2
org.eclipse.core.runtime.CoreException: Could not resolve artifact org.springframework:chuck-noris-for-actuator:jar:sources:0.0.2
	at org.eclipse.m2e.core.internal.embedder.MavenImpl.lambda$4(MavenImpl.java:801) ~[org.eclipse.m2e.core_1.12.0.20190529-1916.jar:na]
	at org.eclipse.m2e.core.internal.embedder.MavenExecutionContext.executeBare(MavenExecutionContext.java:177) ~[org.eclipse.m2e.core_1.12.0.20190529-1916.jar:na]
	at org.eclipse.m2e.core.internal.embedder.MavenExecutionContext.execute(MavenExecutionContext.java:112) ~[org.eclipse.m2e.core_1.12.0.20190529-1916.jar:na]
	at org.eclipse.m2e.core.internal.embedder.MavenExecutionContext.execute(MavenExecutionContext.java:99) ~[org.eclipse.m2e.core_1.12.0.20190529-1916.jar:na]
	at org.eclipse.m2e.core.internal.embedder.MavenImpl.resolve(MavenImpl.java:769) ~[org.eclipse.m2e.core_1.12.0.20190529-1916.jar:na]
	at org.eclipse.m2e.core.internal.embedder.MavenImpl.resolve(MavenImpl.java:746) ~[org.eclipse.m2e.core_1.12.0.20190529-1916.jar:na]
	at org.eclipse.m2e.jdt.internal.DownloadSourcesJob.download(DownloadSourcesJob.java:328) [org.eclipse.m2e.jdt_1.12.0.20190529-1916.jar:na]
	at org.eclipse.m2e.jdt.internal.DownloadSourcesJob.downloadAttachments(DownloadSourcesJob.java:302) [org.eclipse.m2e.jdt_1.12.0.20190529-1916.jar:na]
	at org.eclipse.m2e.jdt.internal.DownloadSourcesJob.downloadMaven(DownloadSourcesJob.java:267) [org.eclipse.m2e.jdt_1.12.0.20190529-1916.jar:na]
	at org.eclipse.m2e.jdt.internal.DownloadSourcesJob.downloadFilesAndPopulateToUpdate(DownloadSourcesJob.java:231) [org.eclipse.m2e.jdt_1.12.0.20190529-1916.jar:na]
	at org.eclipse.m2e.jdt.internal.DownloadSourcesJob.lambda$0(DownloadSourcesJob.java:159) [org.eclipse.m2e.jdt_1.12.0.20190529-1916.jar:na]
	at org.eclipse.m2e.core.internal.embedder.MavenExecutionContext.executeBare(MavenExecutionContext.java:177) ~[org.eclipse.m2e.core_1.12.0.20190529-1916.jar:na]
	at org.eclipse.m2e.core.internal.embedder.MavenExecutionContext.execute(MavenExecutionContext.java:151) ~[org.eclipse.m2e.core_1.12.0.20190529-1916.jar:na]
	at org.eclipse.m2e.core.internal.embedder.MavenExecutionContext.execute(MavenExecutionContext.java:99) ~[org.eclipse.m2e.core_1.12.0.20190529-1916.jar:na]
	at org.eclipse.m2e.core.internal.embedder.MavenImpl.execute(MavenImpl.java:1374) ~[org.eclipse.m2e.core_1.12.0.20190529-1916.jar:na]
	at org.eclipse.m2e.jdt.internal.DownloadSourcesJob.run(DownloadSourcesJob.java:159) [org.eclipse.m2e.jdt_1.12.0.20190529-1916.jar:na]
	at org.eclipse.core.internal.jobs.Worker.run(Worker.java:63) ~[org.eclipse.core.jobs_3.10.400.v20190506-1457.jar:na]
2019-12-01 11:54:20,342 [Worker-25: Building workspace] INFO  o.e.m.c.i.l.LifecycleMappingFactory - Using org.eclipse.m2e.jdt.JarLifecycleMapping lifecycle mapping for MavenProject: com.spring5.joke-app:JokeApp:0.0.1-SNAPSHOT @ E:\CodingWorkspace\New\Eclipse\Project\SpringProject\jokeApp\git\JokeApp\JokeApp\pom.xml.
2019-12-01 11:54:22,064 [Worker-25: Building workspace] INFO  o.e.m.c.i.e.AbstractTransferListenerAdapter - Downloaded https://repo.maven.apache.org/maven2/org/springframework/chuck-noeris-for-actuator/0.0.2/chuck-noeris-for-actuator-0.0.2.pom
2019-12-01 11:54:22,089 [Worker-25: Building workspace] WARN  o.e.m.c.i.embedder.EclipseLogger - The POM for org.springframework:chuck-noeris-for-actuator:jar:0.0.2 is missing, no dependency information available
2019-12-01 11:54:22,629 [Worker-25: Building workspace] INFO  o.e.m.c.i.e.AbstractTransferListenerAdapter - Downloaded https://repo.maven.apache.org/maven2/org/springframework/chuck-noeris-for-actuator/0.0.2/chuck-noeris-for-actuator-0.0.2.jar
2019-12-01 11:54:23,024 [Worker-25: Building workspace] INFO  o.e.m.c.i.embedder.EclipseLogger - Using 'UTF-8' encoding to copy filtered resources.
2019-12-01 11:54:23,029 [Worker-25: Building workspace] INFO  o.e.m.c.i.embedder.EclipseLogger - Copying 0 resource
2019-12-01 11:54:23,029 [Worker-25: Building workspace] INFO  o.e.m.c.i.embedder.EclipseLogger - Copying 0 resource
2019-12-01 11:54:23,029 [Worker-25: Building workspace] INFO  o.e.m.c.i.embedder.EclipseLogger - Using 'UTF-8' encoding to copy filtered resources.
2019-12-01 11:54:23,034 [Worker-25: Building workspace] INFO  o.e.m.c.i.embedder.EclipseLogger - skip non existing resourceDirectory E:\CodingWorkspace\New\Eclipse\Project\SpringProject\jokeApp\git\JokeApp\JokeApp\src\test\resources
2019-12-01 11:54:24,254 [Worker-26: Download sources and javadoc] WARN  o.e.m.c.i.embedder.EclipseLogger - The POM for org.springframework:chuck-noeris-for-actuator:jar:0.0.2 is missing, no dependency information available
2019-12-01 11:54:25,868 [Worker-26: Download sources and javadoc] INFO  o.e.m.c.i.e.AbstractTransferListenerAdapter - Downloaded https://repo.maven.apache.org/maven2/org/springframework/chuck-noeris-for-actuator/0.0.2/chuck-noeris-for-actuator-0.0.2-sources.jar
2019-12-01 11:54:25,913 [Worker-26: Download sources and javadoc] ERROR o.e.m.j.internal.DownloadSourcesJob - Could not download sources for org.springframework:chuck-noeris-for-actuator:0.0.2
org.eclipse.core.runtime.CoreException: Could not resolve artifact org.springframework:chuck-noeris-for-actuator:jar:sources:0.0.2
	at org.eclipse.m2e.core.internal.embedder.MavenImpl.lambda$4(MavenImpl.java:801) ~[org.eclipse.m2e.core_1.12.0.20190529-1916.jar:na]
	at org.eclipse.m2e.core.internal.embedder.MavenExecutionContext.executeBare(MavenExecutionContext.java:177) ~[org.eclipse.m2e.core_1.12.0.20190529-1916.jar:na]
	at org.eclipse.m2e.core.internal.embedder.MavenExecutionContext.execute(MavenExecutionContext.java:112) ~[org.eclipse.m2e.core_1.12.0.20190529-1916.jar:na]
	at org.eclipse.m2e.core.internal.embedder.MavenExecutionContext.execute(MavenExecutionContext.java:99) ~[org.eclipse.m2e.core_1.12.0.20190529-1916.jar:na]
	at org.eclipse.m2e.core.internal.embedder.MavenImpl.resolve(MavenImpl.java:769) ~[org.eclipse.m2e.core_1.12.0.20190529-1916.jar:na]
	at org.eclipse.m2e.core.internal.embedder.MavenImpl.resolve(MavenImpl.java:746) ~[org.eclipse.m2e.core_1.12.0.20190529-1916.jar:na]
	at org.eclipse.m2e.jdt.internal.DownloadSourcesJob.download(DownloadSourcesJob.java:328) [org.eclipse.m2e.jdt_1.12.0.20190529-1916.jar:na]
	at org.eclipse.m2e.jdt.internal.DownloadSourcesJob.downloadAttachments(DownloadSourcesJob.java:302) [org.eclipse.m2e.jdt_1.12.0.20190529-1916.jar:na]
	at org.eclipse.m2e.jdt.internal.DownloadSourcesJob.downloadMaven(DownloadSourcesJob.java:267) [org.eclipse.m2e.jdt_1.12.0.20190529-1916.jar:na]
	at org.eclipse.m2e.jdt.internal.DownloadSourcesJob.downloadFilesAndPopulateToUpdate(DownloadSourcesJob.java:231) [org.eclipse.m2e.jdt_1.12.0.20190529-1916.jar:na]
	at org.eclipse.m2e.jdt.internal.DownloadSourcesJob.lambda$0(DownloadSourcesJob.java:159) [org.eclipse.m2e.jdt_1.12.0.20190529-1916.jar:na]
	at org.eclipse.m2e.core.internal.embedder.MavenExecutionContext.executeBare(MavenExecutionContext.java:177) ~[org.eclipse.m2e.core_1.12.0.20190529-1916.jar:na]
	at org.eclipse.m2e.core.internal.embedder.MavenExecutionContext.execute(MavenExecutionContext.java:151) ~[org.eclipse.m2e.core_1.12.0.20190529-1916.jar:na]
	at org.eclipse.m2e.core.internal.embedder.MavenExecutionContext.execute(MavenExecutionContext.java:99) ~[org.eclipse.m2e.core_1.12.0.20190529-1916.jar:na]
	at org.eclipse.m2e.core.internal.embedder.MavenImpl.execute(MavenImpl.java:1374) ~[org.eclipse.m2e.core_1.12.0.20190529-1916.jar:na]
	at org.eclipse.m2e.jdt.internal.DownloadSourcesJob.run(DownloadSourcesJob.java:159) [org.eclipse.m2e.jdt_1.12.0.20190529-1916.jar:na]
	at org.eclipse.core.internal.jobs.Worker.run(Worker.java:63) ~[org.eclipse.core.jobs_3.10.400.v20190506-1457.jar:na]
2019-12-01 11:55:10,550 [Worker-25: Building workspace] INFO  o.e.m.c.i.l.LifecycleMappingFactory - Using org.eclipse.m2e.jdt.JarLifecycleMapping lifecycle mapping for MavenProject: com.spring5.joke-app:JokeApp:0.0.1-SNAPSHOT @ E:\CodingWorkspace\New\Eclipse\Project\SpringProject\jokeApp\git\JokeApp\JokeApp\pom.xml.
2019-12-01 11:55:12,529 [Worker-25: Building workspace] INFO  o.e.m.c.i.e.AbstractTransferListenerAdapter - Downloaded https://repo.maven.apache.org/maven2/org/springframework/chuck-norris-for-actuator/0.0.2/chuck-norris-for-actuator-0.0.2.pom
2019-12-01 11:55:12,559 [Worker-25: Building workspace] WARN  o.e.m.c.i.embedder.EclipseLogger - The POM for org.springframework:chuck-norris-for-actuator:jar:0.0.2 is missing, no dependency information available
2019-12-01 11:55:13,159 [Worker-25: Building workspace] INFO  o.e.m.c.i.e.AbstractTransferListenerAdapter - Downloaded https://repo.maven.apache.org/maven2/org/springframework/chuck-norris-for-actuator/0.0.2/chuck-norris-for-actuator-0.0.2.jar
2019-12-01 11:55:13,518 [Worker-25: Building workspace] INFO  o.e.m.c.i.embedder.EclipseLogger - Using 'UTF-8' encoding to copy filtered resources.
2019-12-01 11:55:13,528 [Worker-25: Building workspace] INFO  o.e.m.c.i.embedder.EclipseLogger - Copying 0 resource
2019-12-01 11:55:13,528 [Worker-25: Building workspace] INFO  o.e.m.c.i.embedder.EclipseLogger - Copying 0 resource
2019-12-01 11:55:13,528 [Worker-25: Building workspace] INFO  o.e.m.c.i.embedder.EclipseLogger - Using 'UTF-8' encoding to copy filtered resources.
2019-12-01 11:55:13,528 [Worker-25: Building workspace] INFO  o.e.m.c.i.embedder.EclipseLogger - skip non existing resourceDirectory E:\CodingWorkspace\New\Eclipse\Project\SpringProject\jokeApp\git\JokeApp\JokeApp\src\test\resources
2019-12-01 11:55:14,767 [Worker-21: Download sources and javadoc] WARN  o.e.m.c.i.embedder.EclipseLogger - The POM for org.springframework:chuck-norris-for-actuator:jar:0.0.2 is missing, no dependency information available
2019-12-01 11:55:16,339 [Worker-21: Download sources and javadoc] INFO  o.e.m.c.i.e.AbstractTransferListenerAdapter - Downloaded https://repo.maven.apache.org/maven2/org/springframework/chuck-norris-for-actuator/0.0.2/chuck-norris-for-actuator-0.0.2-sources.jar
2019-12-01 11:55:16,394 [Worker-21: Download sources and javadoc] ERROR o.e.m.j.internal.DownloadSourcesJob - Could not download sources for org.springframework:chuck-norris-for-actuator:0.0.2
org.eclipse.core.runtime.CoreException: Could not resolve artifact org.springframework:chuck-norris-for-actuator:jar:sources:0.0.2
	at org.eclipse.m2e.core.internal.embedder.MavenImpl.lambda$4(MavenImpl.java:801) ~[org.eclipse.m2e.core_1.12.0.20190529-1916.jar:na]
	at org.eclipse.m2e.core.internal.embedder.MavenExecutionContext.executeBare(MavenExecutionContext.java:177) ~[org.eclipse.m2e.core_1.12.0.20190529-1916.jar:na]
	at org.eclipse.m2e.core.internal.embedder.MavenExecutionContext.execute(MavenExecutionContext.java:112) ~[org.eclipse.m2e.core_1.12.0.20190529-1916.jar:na]
	at org.eclipse.m2e.core.internal.embedder.MavenExecutionContext.execute(MavenExecutionContext.java:99) ~[org.eclipse.m2e.core_1.12.0.20190529-1916.jar:na]
	at org.eclipse.m2e.core.internal.embedder.MavenImpl.resolve(MavenImpl.java:769) ~[org.eclipse.m2e.core_1.12.0.20190529-1916.jar:na]
	at org.eclipse.m2e.core.internal.embedder.MavenImpl.resolve(MavenImpl.java:746) ~[org.eclipse.m2e.core_1.12.0.20190529-1916.jar:na]
	at org.eclipse.m2e.jdt.internal.DownloadSourcesJob.download(DownloadSourcesJob.java:328) [org.eclipse.m2e.jdt_1.12.0.20190529-1916.jar:na]
	at org.eclipse.m2e.jdt.internal.DownloadSourcesJob.downloadAttachments(DownloadSourcesJob.java:302) [org.eclipse.m2e.jdt_1.12.0.20190529-1916.jar:na]
	at org.eclipse.m2e.jdt.internal.DownloadSourcesJob.downloadMaven(DownloadSourcesJob.java:267) [org.eclipse.m2e.jdt_1.12.0.20190529-1916.jar:na]
	at org.eclipse.m2e.jdt.internal.DownloadSourcesJob.downloadFilesAndPopulateToUpdate(DownloadSourcesJob.java:231) [org.eclipse.m2e.jdt_1.12.0.20190529-1916.jar:na]
	at org.eclipse.m2e.jdt.internal.DownloadSourcesJob.lambda$0(DownloadSourcesJob.java:159) [org.eclipse.m2e.jdt_1.12.0.20190529-1916.jar:na]
	at org.eclipse.m2e.core.internal.embedder.MavenExecutionContext.executeBare(MavenExecutionContext.java:177) ~[org.eclipse.m2e.core_1.12.0.20190529-1916.jar:na]
	at org.eclipse.m2e.core.internal.embedder.MavenExecutionContext.execute(MavenExecutionContext.java:151) ~[org.eclipse.m2e.core_1.12.0.20190529-1916.jar:na]
	at org.eclipse.m2e.core.internal.embedder.MavenExecutionContext.execute(MavenExecutionContext.java:99) ~[org.eclipse.m2e.core_1.12.0.20190529-1916.jar:na]
	at org.eclipse.m2e.core.internal.embedder.MavenImpl.execute(MavenImpl.java:1374) ~[org.eclipse.m2e.core_1.12.0.20190529-1916.jar:na]
	at org.eclipse.m2e.jdt.internal.DownloadSourcesJob.run(DownloadSourcesJob.java:159) [org.eclipse.m2e.jdt_1.12.0.20190529-1916.jar:na]
	at org.eclipse.core.internal.jobs.Worker.run(Worker.java:63) ~[org.eclipse.core.jobs_3.10.400.v20190506-1457.jar:na]
2019-12-01 11:56:15,682 [Worker-25: Building workspace] INFO  o.e.m.c.i.l.LifecycleMappingFactory - Using org.eclipse.m2e.jdt.JarLifecycleMapping lifecycle mapping for MavenProject: com.spring5.joke-app:JokeApp:0.0.1-SNAPSHOT @ E:\CodingWorkspace\New\Eclipse\Project\SpringProject\jokeApp\git\JokeApp\JokeApp\pom.xml.
2019-12-01 11:56:17,251 [Worker-25: Building workspace] INFO  o.e.m.c.i.e.AbstractTransferListenerAdapter - Downloading https://repo.maven.apache.org/maven2/guru/springframework/chuck-norris-for-actuator/0.0.2/chuck-norris-for-actuator-0.0.2.pom
2019-12-01 11:56:17,651 [Worker-25: Building workspace] INFO  o.e.m.c.i.e.AbstractTransferListenerAdapter - Downloaded https://repo.maven.apache.org/maven2/guru/springframework/chuck-norris-for-actuator/0.0.2/chuck-norris-for-actuator-0.0.2.pom
2019-12-01 11:56:17,976 [Worker-25: Building workspace] INFO  o.e.m.c.i.e.AbstractTransferListenerAdapter - Downloading https://repo.maven.apache.org/maven2/guru/springframework/chuck-norris-for-actuator-parent/0.0.2/chuck-norris-for-actuator-parent-0.0.2.pom
2019-12-01 11:56:18,265 [Worker-25: Building workspace] INFO  o.e.m.c.i.e.AbstractTransferListenerAdapter - Downloaded https://repo.maven.apache.org/maven2/guru/springframework/chuck-norris-for-actuator-parent/0.0.2/chuck-norris-for-actuator-parent-0.0.2.pom
2019-12-01 11:56:18,505 [Worker-25: Building workspace] INFO  o.e.m.c.i.e.AbstractTransferListenerAdapter - Downloading https://repo.maven.apache.org/maven2/org/springframework/boot/spring-boot-starter-parent/1.4.2.RELEASE/spring-boot-starter-parent-1.4.2.RELEASE.pom
2019-12-01 11:56:18,795 [Worker-25: Building workspace] INFO  o.e.m.c.i.e.AbstractTransferListenerAdapter - Downloaded https://repo.maven.apache.org/maven2/org/springframework/boot/spring-boot-starter-parent/1.4.2.RELEASE/spring-boot-starter-parent-1.4.2.RELEASE.pom
2019-12-01 11:56:19,050 [Worker-25: Building workspace] INFO  o.e.m.c.i.e.AbstractTransferListenerAdapter - Downloading https://repo.maven.apache.org/maven2/org/springframework/boot/spring-boot-dependencies/1.4.2.RELEASE/spring-boot-dependencies-1.4.2.RELEASE.pom
2019-12-01 11:56:19,940 [Worker-25: Building workspace] INFO  o.e.m.c.i.e.AbstractTransferListenerAdapter - Downloaded https://repo.maven.apache.org/maven2/org/springframework/boot/spring-boot-dependencies/1.4.2.RELEASE/spring-boot-dependencies-1.4.2.RELEASE.pom
2019-12-01 11:56:20,189 [Worker-25: Building workspace] INFO  o.e.m.c.i.e.AbstractTransferListenerAdapter - Downloading https://repo.maven.apache.org/maven2/org/springframework/spring-framework-bom/4.3.4.RELEASE/spring-framework-bom-4.3.4.RELEASE.pom
2019-12-01 11:56:20,539 [Worker-25: Building workspace] INFO  o.e.m.c.i.e.AbstractTransferListenerAdapter - Downloaded https://repo.maven.apache.org/maven2/org/springframework/spring-framework-bom/4.3.4.RELEASE/spring-framework-bom-4.3.4.RELEASE.pom
2019-12-01 11:56:20,819 [Worker-25: Building workspace] INFO  o.e.m.c.i.e.AbstractTransferListenerAdapter - Downloading https://repo.maven.apache.org/maven2/org/springframework/data/spring-data-releasetrain/Hopper-SR5/spring-data-releasetrain-Hopper-SR5.pom
2019-12-01 11:56:21,299 [Worker-25: Building workspace] INFO  o.e.m.c.i.e.AbstractTransferListenerAdapter - Downloaded https://repo.maven.apache.org/maven2/org/springframework/data/spring-data-releasetrain/Hopper-SR5/spring-data-releasetrain-Hopper-SR5.pom
2019-12-01 11:56:21,626 [Worker-25: Building workspace] INFO  o.e.m.c.i.e.AbstractTransferListenerAdapter - Downloading https://repo.maven.apache.org/maven2/org/springframework/data/build/spring-data-build/1.8.5.RELEASE/spring-data-build-1.8.5.RELEASE.pom
2019-12-01 11:56:21,878 [Worker-25: Building workspace] INFO  o.e.m.c.i.e.AbstractTransferListenerAdapter - Downloaded https://repo.maven.apache.org/maven2/org/springframework/data/build/spring-data-build/1.8.5.RELEASE/spring-data-build-1.8.5.RELEASE.pom
2019-12-01 11:56:22,116 [Worker-25: Building workspace] INFO  o.e.m.c.i.e.AbstractTransferListenerAdapter - Downloading https://repo.maven.apache.org/maven2/org/springframework/integration/spring-integration-bom/4.3.5.RELEASE/spring-integration-bom-4.3.5.RELEASE.pom
2019-12-01 11:56:22,406 [Worker-25: Building workspace] INFO  o.e.m.c.i.e.AbstractTransferListenerAdapter - Downloaded https://repo.maven.apache.org/maven2/org/springframework/integration/spring-integration-bom/4.3.5.RELEASE/spring-integration-bom-4.3.5.RELEASE.pom
2019-12-01 11:56:22,756 [Worker-25: Building workspace] INFO  o.e.m.c.i.e.AbstractTransferListenerAdapter - Downloading https://repo.maven.apache.org/maven2/org/springframework/security/spring-security-bom/4.1.3.RELEASE/spring-security-bom-4.1.3.RELEASE.pom
2019-12-01 11:56:23,151 [Worker-25: Building workspace] INFO  o.e.m.c.i.e.AbstractTransferListenerAdapter - Downloaded https://repo.maven.apache.org/maven2/org/springframework/security/spring-security-bom/4.1.3.RELEASE/spring-security-bom-4.1.3.RELEASE.pom
2019-12-01 11:56:23,740 [Worker-25: Building workspace] INFO  o.e.m.c.i.e.AbstractTransferListenerAdapter - Downloading https://repo.maven.apache.org/maven2/guru/springframework/chuck-norris-for-actuator/0.0.2/chuck-norris-for-actuator-0.0.2.jar
2019-12-01 11:56:24,132 [Worker-25: Building workspace] INFO  o.e.m.c.i.e.AbstractTransferListenerAdapter - Downloaded https://repo.maven.apache.org/maven2/guru/springframework/chuck-norris-for-actuator/0.0.2/chuck-norris-for-actuator-0.0.2.jar
2019-12-01 11:56:24,882 [Worker-25: Building workspace] INFO  o.e.m.c.i.l.LifecycleMappingFactory - Using org.eclipse.m2e.jdt.JarLifecycleMapping lifecycle mapping for MavenProject: com.spring5.joke-app:JokeApp:0.0.1-SNAPSHOT @ E:\CodingWorkspace\New\Eclipse\Project\SpringProject\jokeApp\git\JokeApp\JokeApp\pom.xml.
2019-12-01 11:56:25,296 [Worker-25: Building workspace] INFO  o.e.m.c.i.embedder.EclipseLogger - Using 'UTF-8' encoding to copy filtered resources.
2019-12-01 11:56:25,301 [Worker-25: Building workspace] INFO  o.e.m.c.i.embedder.EclipseLogger - Copying 0 resource
2019-12-01 11:56:25,301 [Worker-25: Building workspace] INFO  o.e.m.c.i.embedder.EclipseLogger - Copying 0 resource
2019-12-01 11:56:25,301 [Worker-25: Building workspace] INFO  o.e.m.c.i.embedder.EclipseLogger - Using 'UTF-8' encoding to copy filtered resources.
2019-12-01 11:56:25,301 [Worker-25: Building workspace] INFO  o.e.m.c.i.embedder.EclipseLogger - skip non existing resourceDirectory E:\CodingWorkspace\New\Eclipse\Project\SpringProject\jokeApp\git\JokeApp\JokeApp\src\test\resources
2019-12-01 11:56:27,068 [Worker-25: Building workspace] INFO  o.e.m.c.i.embedder.EclipseLogger - Using 'UTF-8' encoding to copy filtered resources.
2019-12-01 11:56:27,068 [Worker-25: Building workspace] INFO  o.e.m.c.i.embedder.EclipseLogger - Copying 1 resource
2019-12-01 11:56:27,088 [Worker-25: Building workspace] INFO  o.e.m.c.i.embedder.EclipseLogger - Copying 0 resource
2019-12-01 11:56:27,093 [Worker-25: Building workspace] INFO  o.e.m.c.i.embedder.EclipseLogger - Using 'UTF-8' encoding to copy filtered resources.
2019-12-01 11:56:27,093 [Worker-25: Building workspace] INFO  o.e.m.c.i.embedder.EclipseLogger - skip non existing resourceDirectory E:\CodingWorkspace\New\Eclipse\Project\SpringProject\jokeApp\git\JokeApp\JokeApp\src\test\resources
2019-12-01 11:56:28,051 [Worker-26: Download sources and javadoc] INFO  o.e.m.c.i.e.AbstractTransferListenerAdapter - Downloading https://repo.maven.apache.org/maven2/guru/springframework/chuck-norris-for-actuator/0.0.2/chuck-norris-for-actuator-0.0.2-sources.jar
2019-12-01 11:56:28,530 [Worker-26: Download sources and javadoc] INFO  o.e.m.c.i.e.AbstractTransferListenerAdapter - Downloaded https://repo.maven.apache.org/maven2/guru/springframework/chuck-norris-for-actuator/0.0.2/chuck-norris-for-actuator-0.0.2-sources.jar
2019-12-01 11:56:28,780 [Worker-26: Download sources and javadoc] INFO  o.e.m.j.internal.DownloadSourcesJob - Downloaded sources for guru.springframework:chuck-norris-for-actuator:0.0.2
2019-12-01 11:56:29,240 [Worker-12: Building workspace] INFO  o.e.m.c.i.embedder.EclipseLogger - Using 'UTF-8' encoding to copy filtered resources.
2019-12-01 11:56:29,240 [Worker-12: Building workspace] INFO  o.e.m.c.i.embedder.EclipseLogger - Copying 0 resource
2019-12-01 11:56:29,240 [Worker-12: Building workspace] INFO  o.e.m.c.i.embedder.EclipseLogger - Copying 0 resource
2019-12-01 11:56:29,245 [Worker-12: Building workspace] INFO  o.e.m.c.i.embedder.EclipseLogger - Using 'UTF-8' encoding to copy filtered resources.
2019-12-01 11:56:29,245 [Worker-12: Building workspace] INFO  o.e.m.c.i.embedder.EclipseLogger - skip non existing resourceDirectory E:\CodingWorkspace\New\Eclipse\Project\SpringProject\jokeApp\git\JokeApp\JokeApp\src\test\resources
2019-12-01 12:06:17,515 [Worker-21: Building workspace] INFO  o.e.m.c.i.embedder.EclipseLogger - Using 'UTF-8' encoding to copy filtered resources.
2019-12-01 12:06:17,515 [Worker-21: Building workspace] INFO  o.e.m.c.i.embedder.EclipseLogger - Copying 1 resource
2019-12-01 12:06:17,515 [Worker-21: Building workspace] INFO  o.e.m.c.i.embedder.EclipseLogger - Copying 0 resource
2019-12-01 12:06:17,525 [Worker-21: Building workspace] INFO  o.e.m.c.i.embedder.EclipseLogger - Using 'UTF-8' encoding to copy filtered resources.
2019-12-01 12:06:17,525 [Worker-21: Building workspace] INFO  o.e.m.c.i.embedder.EclipseLogger - skip non existing resourceDirectory E:\CodingWorkspace\New\Eclipse\Project\SpringProject\jokeApp\git\JokeApp\JokeApp\src\test\resources
2019-12-01 12:06:59,619 [Worker-12: Building workspace] INFO  o.e.m.c.i.embedder.EclipseLogger - Using 'UTF-8' encoding to copy filtered resources.
2019-12-01 12:06:59,619 [Worker-12: Building workspace] INFO  o.e.m.c.i.embedder.EclipseLogger - Copying 1 resource
2019-12-01 12:06:59,624 [Worker-12: Building workspace] INFO  o.e.m.c.i.embedder.EclipseLogger - Copying 0 resource
2019-12-01 12:06:59,629 [Worker-12: Building workspace] INFO  o.e.m.c.i.embedder.EclipseLogger - Using 'UTF-8' encoding to copy filtered resources.
2019-12-01 12:06:59,629 [Worker-12: Building workspace] INFO  o.e.m.c.i.embedder.EclipseLogger - skip non existing resourceDirectory E:\CodingWorkspace\New\Eclipse\Project\SpringProject\jokeApp\git\JokeApp\JokeApp\src\test\resources
2019-12-01 12:07:23,600 [Worker-12: Building workspace] INFO  o.e.m.c.i.embedder.EclipseLogger - Using 'UTF-8' encoding to copy filtered resources.
2019-12-01 12:07:23,600 [Worker-12: Building workspace] INFO  o.e.m.c.i.embedder.EclipseLogger - Copying 1 resource
2019-12-01 12:07:23,605 [Worker-12: Building workspace] INFO  o.e.m.c.i.embedder.EclipseLogger - Copying 0 resource
2019-12-01 12:07:23,605 [Worker-12: Building workspace] INFO  o.e.m.c.i.embedder.EclipseLogger - Using 'UTF-8' encoding to copy filtered resources.
2019-12-01 12:07:23,605 [Worker-12: Building workspace] INFO  o.e.m.c.i.embedder.EclipseLogger - skip non existing resourceDirectory E:\CodingWorkspace\New\Eclipse\Project\SpringProject\jokeApp\git\JokeApp\JokeApp\src\test\resources
2019-12-01 12:07:47,365 [Worker-21: Building workspace] INFO  o.e.m.c.i.embedder.EclipseLogger - Using 'UTF-8' encoding to copy filtered resources.
2019-12-01 12:07:47,365 [Worker-21: Building workspace] INFO  o.e.m.c.i.embedder.EclipseLogger - Copying 1 resource
2019-12-01 12:07:47,370 [Worker-21: Building workspace] INFO  o.e.m.c.i.embedder.EclipseLogger - Copying 0 resource
2019-12-01 12:07:47,373 [Worker-21: Building workspace] INFO  o.e.m.c.i.embedder.EclipseLogger - Using 'UTF-8' encoding to copy filtered resources.
2019-12-01 12:07:47,373 [Worker-21: Building workspace] INFO  o.e.m.c.i.embedder.EclipseLogger - skip non existing resourceDirectory E:\CodingWorkspace\New\Eclipse\Project\SpringProject\jokeApp\git\JokeApp\JokeApp\src\test\resources
2019-12-01 12:11:09,494 [Worker-12: Building workspace] INFO  o.e.m.c.i.embedder.EclipseLogger - Using 'UTF-8' encoding to copy filtered resources.
2019-12-01 12:11:09,499 [Worker-12: Building workspace] INFO  o.e.m.c.i.embedder.EclipseLogger - Copying 1 resource
2019-12-01 12:11:09,499 [Worker-12: Building workspace] INFO  o.e.m.c.i.embedder.EclipseLogger - Copying 0 resource
2019-12-01 12:11:09,504 [Worker-12: Building workspace] INFO  o.e.m.c.i.embedder.EclipseLogger - Using 'UTF-8' encoding to copy filtered resources.
2019-12-01 12:11:09,504 [Worker-12: Building workspace] INFO  o.e.m.c.i.embedder.EclipseLogger - skip non existing resourceDirectory E:\CodingWorkspace\New\Eclipse\Project\SpringProject\jokeApp\git\JokeApp\JokeApp\src\test\resources
2019-12-01 12:13:31,602 [Worker-26: Building workspace] INFO  o.e.m.c.i.embedder.EclipseLogger - Using 'UTF-8' encoding to copy filtered resources.
2019-12-01 12:13:31,602 [Worker-26: Building workspace] INFO  o.e.m.c.i.embedder.EclipseLogger - Copying 1 resource
2019-12-01 12:13:31,607 [Worker-26: Building workspace] INFO  o.e.m.c.i.embedder.EclipseLogger - Copying 0 resource
2019-12-01 12:13:31,612 [Worker-26: Building workspace] INFO  o.e.m.c.i.embedder.EclipseLogger - Using 'UTF-8' encoding to copy filtered resources.
2019-12-01 12:13:31,612 [Worker-26: Building workspace] INFO  o.e.m.c.i.embedder.EclipseLogger - skip non existing resourceDirectory E:\CodingWorkspace\New\Eclipse\Project\SpringProject\jokeApp\git\JokeApp\JokeApp\src\test\resources
2019-12-01 13:12:07,459 [Worker-27: Building workspace] INFO  o.e.m.c.i.embedder.EclipseLogger - Using 'UTF-8' encoding to copy filtered resources.
2019-12-01 13:12:07,459 [Worker-27: Building workspace] INFO  o.e.m.c.i.embedder.EclipseLogger - Copying 1 resource
2019-12-01 13:12:07,459 [Worker-27: Building workspace] INFO  o.e.m.c.i.embedder.EclipseLogger - Copying 0 resource
2019-12-01 13:12:07,459 [Worker-27: Building workspace] INFO  o.e.m.c.i.embedder.EclipseLogger - Using 'UTF-8' encoding to copy filtered resources.
2019-12-01 13:12:07,459 [Worker-27: Building workspace] INFO  o.e.m.c.i.embedder.EclipseLogger - skip non existing resourceDirectory E:\CodingWorkspace\New\Eclipse\Project\SpringProject\jokeApp\git\JokeApp\JokeApp\src\test\resources
2019-12-01 13:16:10,695 [Worker-30: Building workspace] INFO  o.e.m.c.i.embedder.EclipseLogger - Using 'UTF-8' encoding to copy filtered resources.
2019-12-01 13:16:10,700 [Worker-30: Building workspace] INFO  o.e.m.c.i.embedder.EclipseLogger - Copying 1 resource
2019-12-01 13:16:10,700 [Worker-30: Building workspace] INFO  o.e.m.c.i.embedder.EclipseLogger - Copying 0 resource
2019-12-01 13:16:10,705 [Worker-30: Building workspace] INFO  o.e.m.c.i.embedder.EclipseLogger - Using 'UTF-8' encoding to copy filtered resources.
2019-12-01 13:16:10,705 [Worker-30: Building workspace] INFO  o.e.m.c.i.embedder.EclipseLogger - skip non existing resourceDirectory E:\CodingWorkspace\New\Eclipse\Project\SpringProject\jokeApp\git\JokeApp\JokeApp\src\test\resources
2019-12-01 13:16:21,564 [Worker-32: Building workspace] INFO  o.e.m.c.i.embedder.EclipseLogger - Using 'UTF-8' encoding to copy filtered resources.
2019-12-01 13:16:21,564 [Worker-32: Building workspace] INFO  o.e.m.c.i.embedder.EclipseLogger - Copying 1 resource
2019-12-01 13:16:21,564 [Worker-32: Building workspace] INFO  o.e.m.c.i.embedder.EclipseLogger - Copying 0 resource
2019-12-01 13:16:21,569 [Worker-32: Building workspace] INFO  o.e.m.c.i.embedder.EclipseLogger - Using 'UTF-8' encoding to copy filtered resources.
2019-12-01 13:16:21,569 [Worker-32: Building workspace] INFO  o.e.m.c.i.embedder.EclipseLogger - skip non existing resourceDirectory E:\CodingWorkspace\New\Eclipse\Project\SpringProject\jokeApp\git\JokeApp\JokeApp\src\test\resources
2019-12-01 13:19:23,804 [Worker-30: Building workspace] INFO  o.e.m.c.i.embedder.EclipseLogger - Using 'UTF-8' encoding to copy filtered resources.
2019-12-01 13:19:23,809 [Worker-30: Building workspace] INFO  o.e.m.c.i.embedder.EclipseLogger - Copying 1 resource
2019-12-01 13:19:23,809 [Worker-30: Building workspace] INFO  o.e.m.c.i.embedder.EclipseLogger - Copying 0 resource
2019-12-01 13:19:23,809 [Worker-30: Building workspace] INFO  o.e.m.c.i.embedder.EclipseLogger - Using 'UTF-8' encoding to copy filtered resources.
2019-12-01 13:19:23,809 [Worker-30: Building workspace] INFO  o.e.m.c.i.embedder.EclipseLogger - skip non existing resourceDirectory E:\CodingWorkspace\New\Eclipse\Project\SpringProject\jokeApp\git\JokeApp\JokeApp\src\test\resources
2019-12-01 13:23:24,507 [Worker-34: Building workspace] INFO  o.e.m.c.i.embedder.EclipseLogger - Using 'UTF-8' encoding to copy filtered resources.
2019-12-01 13:23:24,512 [Worker-34: Building workspace] INFO  o.e.m.c.i.embedder.EclipseLogger - Copying 0 resource
2019-12-01 13:23:24,512 [Worker-34: Building workspace] INFO  o.e.m.c.i.embedder.EclipseLogger - Copying 1 resource
2019-12-01 13:23:24,522 [Worker-34: Building workspace] INFO  o.e.m.c.i.embedder.EclipseLogger - Using 'UTF-8' encoding to copy filtered resources.
2019-12-01 13:23:24,527 [Worker-34: Building workspace] INFO  o.e.m.c.i.embedder.EclipseLogger - skip non existing resourceDirectory E:\CodingWorkspace\New\Eclipse\Project\SpringProject\jokeApp\git\JokeApp\JokeApp\src\test\resources
2019-12-01 13:23:25,577 [Worker-32: Building workspace] INFO  o.e.m.c.i.embedder.EclipseLogger - Using 'UTF-8' encoding to copy filtered resources.
2019-12-01 13:23:25,582 [Worker-32: Building workspace] INFO  o.e.m.c.i.embedder.EclipseLogger - Copying 0 resource
2019-12-01 13:23:25,582 [Worker-32: Building workspace] INFO  o.e.m.c.i.embedder.EclipseLogger - Copying 1 resource
2019-12-01 13:23:25,597 [Worker-32: Building workspace] INFO  o.e.m.c.i.embedder.EclipseLogger - Using 'UTF-8' encoding to copy filtered resources.
2019-12-01 13:23:25,597 [Worker-32: Building workspace] INFO  o.e.m.c.i.embedder.EclipseLogger - skip non existing resourceDirectory E:\CodingWorkspace\New\Eclipse\Project\SpringProject\jokeApp\git\JokeApp\JokeApp\src\test\resources
2019-12-01 13:24:21,758 [Worker-34: Building workspace] INFO  o.e.m.c.i.embedder.EclipseLogger - Using 'UTF-8' encoding to copy filtered resources.
2019-12-01 13:24:21,758 [Worker-34: Building workspace] INFO  o.e.m.c.i.embedder.EclipseLogger - Copying 0 resource
2019-12-01 13:24:21,763 [Worker-34: Building workspace] INFO  o.e.m.c.i.embedder.EclipseLogger - Copying 1 resource
2019-12-01 13:24:21,783 [Worker-34: Building workspace] INFO  o.e.m.c.i.embedder.EclipseLogger - Using 'UTF-8' encoding to copy filtered resources.
2019-12-01 13:24:21,783 [Worker-34: Building workspace] INFO  o.e.m.c.i.embedder.EclipseLogger - skip non existing resourceDirectory E:\CodingWorkspace\New\Eclipse\Project\SpringProject\jokeApp\git\JokeApp\JokeApp\src\test\resources
2019-12-01 13:25:08,336 [Worker-26: Building workspace] INFO  o.e.m.c.i.embedder.EclipseLogger - Using 'UTF-8' encoding to copy filtered resources.
2019-12-01 13:25:08,336 [Worker-26: Building workspace] INFO  o.e.m.c.i.embedder.EclipseLogger - Copying 0 resource
2019-12-01 13:25:08,336 [Worker-26: Building workspace] INFO  o.e.m.c.i.embedder.EclipseLogger - Copying 1 resource
2019-12-01 13:25:08,346 [Worker-26: Building workspace] INFO  o.e.m.c.i.embedder.EclipseLogger - Using 'UTF-8' encoding to copy filtered resources.
2019-12-01 13:25:08,346 [Worker-26: Building workspace] INFO  o.e.m.c.i.embedder.EclipseLogger - skip non existing resourceDirectory E:\CodingWorkspace\New\Eclipse\Project\SpringProject\jokeApp\git\JokeApp\JokeApp\src\test\resources
2019-12-01 13:25:17,236 [Worker-32: Building workspace] INFO  o.e.m.c.i.embedder.EclipseLogger - Using 'UTF-8' encoding to copy filtered resources.
2019-12-01 13:25:17,236 [Worker-32: Building workspace] INFO  o.e.m.c.i.embedder.EclipseLogger - Copying 0 resource
2019-12-01 13:25:17,236 [Worker-32: Building workspace] INFO  o.e.m.c.i.embedder.EclipseLogger - Copying 1 resource
2019-12-01 13:25:17,246 [Worker-32: Building workspace] INFO  o.e.m.c.i.embedder.EclipseLogger - Using 'UTF-8' encoding to copy filtered resources.
2019-12-01 13:25:17,246 [Worker-32: Building workspace] INFO  o.e.m.c.i.embedder.EclipseLogger - skip non existing resourceDirectory E:\CodingWorkspace\New\Eclipse\Project\SpringProject\jokeApp\git\JokeApp\JokeApp\src\test\resources
2019-12-01 13:25:57,196 [Worker-35: Building workspace] INFO  o.e.m.c.i.embedder.EclipseLogger - Using 'UTF-8' encoding to copy filtered resources.
2019-12-01 13:25:57,196 [Worker-35: Building workspace] INFO  o.e.m.c.i.embedder.EclipseLogger - Copying 0 resource
2019-12-01 13:25:57,196 [Worker-35: Building workspace] INFO  o.e.m.c.i.embedder.EclipseLogger - Copying 1 resource
2019-12-01 13:25:57,206 [Worker-35: Building workspace] INFO  o.e.m.c.i.embedder.EclipseLogger - Using 'UTF-8' encoding to copy filtered resources.
2019-12-01 13:25:57,211 [Worker-35: Building workspace] INFO  o.e.m.c.i.embedder.EclipseLogger - skip non existing resourceDirectory E:\CodingWorkspace\New\Eclipse\Project\SpringProject\jokeApp\git\JokeApp\JokeApp\src\test\resources
2019-12-01 13:26:33,071 [Worker-36: Building workspace] INFO  o.e.m.c.i.embedder.EclipseLogger - Using 'UTF-8' encoding to copy filtered resources.
2019-12-01 13:26:33,071 [Worker-36: Building workspace] INFO  o.e.m.c.i.embedder.EclipseLogger - Copying 0 resource
2019-12-01 13:26:33,071 [Worker-36: Building workspace] INFO  o.e.m.c.i.embedder.EclipseLogger - Copying 1 resource
2019-12-01 13:26:33,081 [Worker-36: Building workspace] INFO  o.e.m.c.i.embedder.EclipseLogger - Using 'UTF-8' encoding to copy filtered resources.
2019-12-01 13:26:33,081 [Worker-36: Building workspace] INFO  o.e.m.c.i.embedder.EclipseLogger - skip non existing resourceDirectory E:\CodingWorkspace\New\Eclipse\Project\SpringProject\jokeApp\git\JokeApp\JokeApp\src\test\resources
2019-12-01 13:26:51,169 [Worker-32: Building workspace] INFO  o.e.m.c.i.embedder.EclipseLogger - Using 'UTF-8' encoding to copy filtered resources.
2019-12-01 13:26:51,169 [Worker-32: Building workspace] INFO  o.e.m.c.i.embedder.EclipseLogger - Copying 1 resource
2019-12-01 13:26:51,174 [Worker-32: Building workspace] INFO  o.e.m.c.i.embedder.EclipseLogger - Copying 0 resource
2019-12-01 13:26:51,174 [Worker-32: Building workspace] INFO  o.e.m.c.i.embedder.EclipseLogger - Using 'UTF-8' encoding to copy filtered resources.
2019-12-01 13:26:51,174 [Worker-32: Building workspace] INFO  o.e.m.c.i.embedder.EclipseLogger - skip non existing resourceDirectory E:\CodingWorkspace\New\Eclipse\Project\SpringProject\jokeApp\git\JokeApp\JokeApp\src\test\resources
2019-12-01 13:38:04,200 [Worker-26: Building workspace] INFO  o.e.m.c.i.embedder.EclipseLogger - Using 'UTF-8' encoding to copy filtered resources.
2019-12-01 13:38:04,200 [Worker-26: Building workspace] INFO  o.e.m.c.i.embedder.EclipseLogger - Copying 0 resource
2019-12-01 13:38:04,200 [Worker-26: Building workspace] INFO  o.e.m.c.i.embedder.EclipseLogger - Copying 1 resource
2019-12-01 13:38:04,205 [Worker-26: Building workspace] INFO  o.e.m.c.i.embedder.EclipseLogger - Using 'UTF-8' encoding to copy filtered resources.
2019-12-01 13:38:04,205 [Worker-26: Building workspace] INFO  o.e.m.c.i.embedder.EclipseLogger - skip non existing resourceDirectory E:\CodingWorkspace\New\Eclipse\Project\SpringProject\jokeApp\git\JokeApp\JokeApp\src\test\resources
2019-12-01 13:38:07,439 [Worker-26: Building workspace] INFO  o.e.m.c.i.embedder.EclipseLogger - Using 'UTF-8' encoding to copy filtered resources.
2019-12-01 13:38:07,439 [Worker-26: Building workspace] INFO  o.e.m.c.i.embedder.EclipseLogger - Copying 0 resource
2019-12-01 13:38:07,439 [Worker-26: Building workspace] INFO  o.e.m.c.i.embedder.EclipseLogger - Copying 1 resource
2019-12-01 13:38:07,444 [Worker-26: Building workspace] INFO  o.e.m.c.i.embedder.EclipseLogger - Using 'UTF-8' encoding to copy filtered resources.
2019-12-01 13:38:07,444 [Worker-26: Building workspace] INFO  o.e.m.c.i.embedder.EclipseLogger - skip non existing resourceDirectory E:\CodingWorkspace\New\Eclipse\Project\SpringProject\jokeApp\git\JokeApp\JokeApp\src\test\resources
